  [1m[35m (472.8ms)[0m  [1m[35mCREATE DATABASE "familybingoclub_development" ENCODING = 'unicode'[0m
  [1m[35m (279.6ms)[0m  [1m[35mCREATE DATABASE "familybingoclub_test" ENCODING = 'unicode'[0m
  [1m[35m (32.4ms)[0m  [1m[35mCREATE TABLE "schema_migrations" ("version" character varying PRIMARY KEY)[0m
  [1m[35m (4.7ms)[0m  [1m[35mCREATE TABLE "ar_internal_metadata" ("key" character varying PRIMARY KEY, "value" character varying, "created_at" timestamp NOT NULL, "updated_at" timestamp NOT NULL)[0m
  [1m[35m (0.6ms)[0m  [1m[34mSELECT pg_try_advisory_lock(2561430764265210495);[0m
  [1m[36mActiveRecord::SchemaMigration Load (0.9ms)[0m  [1m[34mSELECT "schema_migrations".* FROM "schema_migrations"[0m
  [1m[36mActiveRecord::InternalMetadata Load (1.3ms)[0m  [1m[34mSELECT  "ar_internal_metadata".* FROM "ar_internal_metadata" WHERE "ar_internal_metadata"."key" = $1 LIMIT $2[0m  [["key", :environment], ["LIMIT", 1]]
  [1m[35m (0.1ms)[0m  [1m[35mBEGIN[0m
  [1m[35mSQL (2.3ms)[0m  [1m[32mINSERT INTO "ar_internal_metadata" ("key", "value", "created_at", "updated_at") VALUES ($1, $2, $3, $4) RETURNING "key"[0m  [["key", "environment"], ["value", "development"], ["created_at", 2017-04-20 20:38:24 UTC], ["updated_at", 2017-04-20 20:38:24 UTC]]
  [1m[35m (0.4ms)[0m  [1m[35mCOMMIT[0m
  [1m[35m (0.3ms)[0m  [1m[34mSELECT pg_advisory_unlock(2561430764265210495)[0m
  [1m[36mActiveRecord::SchemaMigration Load (0.2ms)[0m  [1m[34mSELECT "schema_migrations".* FROM "schema_migrations"[0m
  [1m[35m (0.2ms)[0m  [1m[34mSELECT pg_try_advisory_lock(2561430764265210495);[0m
  [1m[36mActiveRecord::SchemaMigration Load (0.4ms)[0m  [1m[34mSELECT "schema_migrations".* FROM "schema_migrations"[0m
  [1m[36mActiveRecord::InternalMetadata Load (0.6ms)[0m  [1m[34mSELECT  "ar_internal_metadata".* FROM "ar_internal_metadata" WHERE "ar_internal_metadata"."key" = $1 LIMIT $2[0m  [["key", :environment], ["LIMIT", 1]]
  [1m[35m (0.1ms)[0m  [1m[35mBEGIN[0m
  [1m[35m (0.1ms)[0m  [1m[35mCOMMIT[0m
  [1m[35m (0.2ms)[0m  [1m[34mSELECT pg_advisory_unlock(2561430764265210495)[0m
  [1m[36mActiveRecord::SchemaMigration Load (0.3ms)[0m  [1m[34mSELECT "schema_migrations".* FROM "schema_migrations"[0m
  [1m[35m (0.2ms)[0m  [1m[34mSELECT pg_try_advisory_lock(2561430764265210495);[0m
  [1m[36mActiveRecord::SchemaMigration Load (0.4ms)[0m  [1m[34mSELECT "schema_migrations".* FROM "schema_migrations"[0m
Migrating to CreateSquares (20170420204838)
  [1m[35m (0.1ms)[0m  [1m[35mBEGIN[0m
  [1m[35m (16.4ms)[0m  [1m[35mCREATE TABLE "squares" ("id" serial primary key, "code" character varying, "called_timestamp" timestamp, "created_at" timestamp NOT NULL, "updated_at" timestamp NOT NULL)[0m
  [1m[35m (1.4ms)[0m  [1m[35mCREATE UNIQUE INDEX  "index_squares_on_code" ON "squares"  ("code")[0m
  [1m[35mSQL (0.4ms)[0m  [1m[32mINSERT INTO "schema_migrations" ("version") VALUES ($1) RETURNING "version"[0m  [["version", "20170420204838"]]
  [1m[35m (0.8ms)[0m  [1m[35mCOMMIT[0m
  [1m[36mActiveRecord::InternalMetadata Load (0.4ms)[0m  [1m[34mSELECT  "ar_internal_metadata".* FROM "ar_internal_metadata" WHERE "ar_internal_metadata"."key" = $1 LIMIT $2[0m  [["key", :environment], ["LIMIT", 1]]
  [1m[35m (0.7ms)[0m  [1m[35mBEGIN[0m
  [1m[35m (0.2ms)[0m  [1m[35mCOMMIT[0m
  [1m[35m (0.3ms)[0m  [1m[34mSELECT pg_advisory_unlock(2561430764265210495)[0m
  [1m[36mActiveRecord::SchemaMigration Load (0.2ms)[0m  [1m[34mSELECT "schema_migrations".* FROM "schema_migrations"[0m
  [1m[35m (0.2ms)[0m  [1m[34mSELECT pg_try_advisory_lock(2561430764265210495);[0m
  [1m[36mActiveRecord::SchemaMigration Load (0.5ms)[0m  [1m[34mSELECT "schema_migrations".* FROM "schema_migrations"[0m
Migrating to CreateBoards (20170422145507)
  [1m[35m (0.1ms)[0m  [1m[35mBEGIN[0m
  [1m[35m (6.4ms)[0m  [1m[35mCREATE TABLE "boards" ("id" serial primary key, "code" character varying, "type" character varying, "created_at" timestamp NOT NULL, "updated_at" timestamp NOT NULL)[0m
  [1m[35m (1.2ms)[0m  [1m[35mCREATE UNIQUE INDEX  "index_boards_on_code" ON "boards"  ("code")[0m
  [1m[35mSQL (0.6ms)[0m  [1m[32mINSERT INTO "schema_migrations" ("version") VALUES ($1) RETURNING "version"[0m  [["version", "20170422145507"]]
  [1m[35m (0.8ms)[0m  [1m[35mCOMMIT[0m
  [1m[36mActiveRecord::InternalMetadata Load (0.5ms)[0m  [1m[34mSELECT  "ar_internal_metadata".* FROM "ar_internal_metadata" WHERE "ar_internal_metadata"."key" = $1 LIMIT $2[0m  [["key", :environment], ["LIMIT", 1]]
  [1m[35m (0.1ms)[0m  [1m[35mBEGIN[0m
  [1m[35m (0.1ms)[0m  [1m[35mCOMMIT[0m
  [1m[35m (0.2ms)[0m  [1m[34mSELECT pg_advisory_unlock(2561430764265210495)[0m
  [1m[36mActiveRecord::SchemaMigration Load (0.2ms)[0m  [1m[34mSELECT "schema_migrations".* FROM "schema_migrations"[0m
  [1m[35m (0.2ms)[0m  [1m[34mSELECT pg_try_advisory_lock(2561430764265210495);[0m
  [1m[36mActiveRecord::SchemaMigration Load (0.5ms)[0m  [1m[34mSELECT "schema_migrations".* FROM "schema_migrations"[0m
Migrating to CreateJoinTableBoardSquare (20170422212137)
  [1m[35m (0.1ms)[0m  [1m[35mBEGIN[0m
  [1m[35m (1.8ms)[0m  [1m[35mCREATE TABLE "boards_squares" ("board_id" integer NOT NULL, "square_id" integer NOT NULL)[0m
  [1m[35m (1.3ms)[0m  [1m[35mCREATE  INDEX  "index_boards_squares_on_board_id_and_square_id" ON "boards_squares"  ("board_id", "square_id")[0m
  [1m[35mSQL (0.4ms)[0m  [1m[32mINSERT INTO "schema_migrations" ("version") VALUES ($1) RETURNING "version"[0m  [["version", "20170422212137"]]
  [1m[35m (0.6ms)[0m  [1m[35mCOMMIT[0m
  [1m[36mActiveRecord::InternalMetadata Load (0.4ms)[0m  [1m[34mSELECT  "ar_internal_metadata".* FROM "ar_internal_metadata" WHERE "ar_internal_metadata"."key" = $1 LIMIT $2[0m  [["key", :environment], ["LIMIT", 1]]
  [1m[35m (0.1ms)[0m  [1m[35mBEGIN[0m
  [1m[35m (0.1ms)[0m  [1m[35mCOMMIT[0m
  [1m[35m (0.2ms)[0m  [1m[34mSELECT pg_advisory_unlock(2561430764265210495)[0m
  [1m[36mActiveRecord::SchemaMigration Load (0.2ms)[0m  [1m[34mSELECT "schema_migrations".* FROM "schema_migrations"[0m
  [1m[35m (0.3ms)[0m  [1m[34mSELECT pg_try_advisory_lock(2561430764265210495);[0m
  [1m[36mActiveRecord::SchemaMigration Load (1.6ms)[0m  [1m[34mSELECT "schema_migrations".* FROM "schema_migrations"[0m
Migrating to RemoveCodeFromSquares (20170424211135)
  [1m[35m (0.7ms)[0m  [1m[35mBEGIN[0m
  [1m[35m (0.6ms)[0m  [1m[31mROLLBACK[0m
  [1m[35m (0.5ms)[0m  [1m[34mSELECT pg_advisory_unlock(2561430764265210495)[0m
  [1m[35m (0.2ms)[0m  [1m[34mSELECT pg_try_advisory_lock(2561430764265210495);[0m
  [1m[36mActiveRecord::SchemaMigration Load (0.9ms)[0m  [1m[34mSELECT "schema_migrations".* FROM "schema_migrations"[0m
Migrating to RemoveCodeFromSquares (20170424211135)
  [1m[35m (0.1ms)[0m  [1m[35mBEGIN[0m
  [1m[35m (9.6ms)[0m  [1m[35mDROP INDEX  "index_squares_on_code"[0m
  [1m[35m (3.7ms)[0m  [1m[35mALTER TABLE "squares" DROP "code"[0m
  [1m[35mSQL (1.1ms)[0m  [1m[32mINSERT INTO "schema_migrations" ("version") VALUES ($1) RETURNING "version"[0m  [["version", "20170424211135"]]
  [1m[35m (4.0ms)[0m  [1m[35mCOMMIT[0m
  [1m[36mActiveRecord::InternalMetadata Load (1.6ms)[0m  [1m[34mSELECT  "ar_internal_metadata".* FROM "ar_internal_metadata" WHERE "ar_internal_metadata"."key" = $1 LIMIT $2[0m  [["key", :environment], ["LIMIT", 1]]
  [1m[35m (0.1ms)[0m  [1m[35mBEGIN[0m
  [1m[35m (0.2ms)[0m  [1m[35mCOMMIT[0m
  [1m[35m (0.3ms)[0m  [1m[34mSELECT pg_advisory_unlock(2561430764265210495)[0m
  [1m[36mActiveRecord::SchemaMigration Load (0.2ms)[0m  [1m[34mSELECT "schema_migrations".* FROM "schema_migrations"[0m
  [1m[35m (0.2ms)[0m  [1m[34mSELECT pg_try_advisory_lock(2561430764265210495);[0m
  [1m[36mActiveRecord::SchemaMigration Load (0.5ms)[0m  [1m[34mSELECT "schema_migrations".* FROM "schema_migrations"[0m
Migrating to AddTypeToSquares (20170424211633)
  [1m[35m (0.1ms)[0m  [1m[35mBEGIN[0m
  [1m[35m (0.9ms)[0m  [1m[35mALTER TABLE "squares" ADD "code" character varying[0m
  [1m[35mSQL (0.4ms)[0m  [1m[32mINSERT INTO "schema_migrations" ("version") VALUES ($1) RETURNING "version"[0m  [["version", "20170424211633"]]
  [1m[35m (8.5ms)[0m  [1m[35mCOMMIT[0m
  [1m[36mActiveRecord::InternalMetadata Load (0.4ms)[0m  [1m[34mSELECT  "ar_internal_metadata".* FROM "ar_internal_metadata" WHERE "ar_internal_metadata"."key" = $1 LIMIT $2[0m  [["key", :environment], ["LIMIT", 1]]
  [1m[35m (0.1ms)[0m  [1m[35mBEGIN[0m
  [1m[35m (0.1ms)[0m  [1m[35mCOMMIT[0m
  [1m[35m (0.2ms)[0m  [1m[34mSELECT pg_advisory_unlock(2561430764265210495)[0m
  [1m[36mActiveRecord::SchemaMigration Load (0.3ms)[0m  [1m[34mSELECT "schema_migrations".* FROM "schema_migrations"[0m
  [1m[36mActiveRecord::SchemaMigration Load (0.6ms)[0m  [1m[34mSELECT "schema_migrations".* FROM "schema_migrations"[0m
  [1m[35m (0.2ms)[0m  [1m[34mSELECT pg_try_advisory_lock(2561430764265210495);[0m
  [1m[36mActiveRecord::SchemaMigration Load (0.2ms)[0m  [1m[34mSELECT "schema_migrations".* FROM "schema_migrations"[0m
Migrating to AddTypeToSquares (20170424211633)
  [1m[35m (0.1ms)[0m  [1m[35mBEGIN[0m
  [1m[35m (0.9ms)[0m  [1m[35mALTER TABLE "squares" DROP "code"[0m
  [1m[35mSQL (0.9ms)[0m  [1m[31mDELETE FROM "schema_migrations" WHERE "schema_migrations"."version" = $1[0m  [["version", "20170424211633"]]
  [1m[35m (0.4ms)[0m  [1m[35mCOMMIT[0m
  [1m[35m (0.3ms)[0m  [1m[34mSELECT pg_advisory_unlock(2561430764265210495)[0m
  [1m[36mActiveRecord::SchemaMigration Load (0.2ms)[0m  [1m[34mSELECT "schema_migrations".* FROM "schema_migrations"[0m
  [1m[35m (0.2ms)[0m  [1m[34mSELECT pg_try_advisory_lock(2561430764265210495);[0m
  [1m[36mActiveRecord::SchemaMigration Load (0.5ms)[0m  [1m[34mSELECT "schema_migrations".* FROM "schema_migrations"[0m
Migrating to AddTypeToSquares (20170424211633)
  [1m[35m (0.1ms)[0m  [1m[35mBEGIN[0m
  [1m[35m (0.7ms)[0m  [1m[35mALTER TABLE "squares" ADD "type" character varying[0m
  [1m[35mSQL (0.4ms)[0m  [1m[32mINSERT INTO "schema_migrations" ("version") VALUES ($1) RETURNING "version"[0m  [["version", "20170424211633"]]
  [1m[35m (8.2ms)[0m  [1m[35mCOMMIT[0m
  [1m[36mActiveRecord::InternalMetadata Load (0.4ms)[0m  [1m[34mSELECT  "ar_internal_metadata".* FROM "ar_internal_metadata" WHERE "ar_internal_metadata"."key" = $1 LIMIT $2[0m  [["key", :environment], ["LIMIT", 1]]
  [1m[35m (0.1ms)[0m  [1m[35mBEGIN[0m
  [1m[35m (0.1ms)[0m  [1m[35mCOMMIT[0m
  [1m[35m (0.2ms)[0m  [1m[34mSELECT pg_advisory_unlock(2561430764265210495)[0m
  [1m[36mActiveRecord::SchemaMigration Load (0.2ms)[0m  [1m[34mSELECT "schema_migrations".* FROM "schema_migrations"[0m
  [1m[35m (0.2ms)[0m  [1m[34mSELECT pg_try_advisory_lock(2561430764265210495);[0m
  [1m[36mActiveRecord::SchemaMigration Load (0.5ms)[0m  [1m[34mSELECT "schema_migrations".* FROM "schema_migrations"[0m
Migrating to AddColumnsToSquares (20170424214013)
  [1m[35m (0.1ms)[0m  [1m[35mBEGIN[0m
  [1m[35m (0.8ms)[0m  [1m[35mALTER TABLE "squares" ADD "description" character varying[0m
  [1m[35m (0.4ms)[0m  [1m[35mALTER TABLE "squares" ADD "creator" character varying[0m
  [1m[35m (0.2ms)[0m  [1m[35mALTER TABLE "squares" ADD "local_src" character varying[0m
  [1m[35m (0.2ms)[0m  [1m[35mALTER TABLE "squares" ADD "organisation" character varying[0m
  [1m[35m (0.3ms)[0m  [1m[35mALTER TABLE "squares" ADD "exclude" boolean[0m
  [1m[35m (0.2ms)[0m  [1m[35mALTER TABLE "squares" ADD "number" integer[0m
  [1m[35mSQL (0.4ms)[0m  [1m[32mINSERT INTO "schema_migrations" ("version") VALUES ($1) RETURNING "version"[0m  [["version", "20170424214013"]]
  [1m[35m (8.5ms)[0m  [1m[35mCOMMIT[0m
  [1m[36mActiveRecord::InternalMetadata Load (0.4ms)[0m  [1m[34mSELECT  "ar_internal_metadata".* FROM "ar_internal_metadata" WHERE "ar_internal_metadata"."key" = $1 LIMIT $2[0m  [["key", :environment], ["LIMIT", 1]]
  [1m[35m (0.1ms)[0m  [1m[35mBEGIN[0m
  [1m[35m (0.1ms)[0m  [1m[35mCOMMIT[0m
  [1m[35m (0.2ms)[0m  [1m[34mSELECT pg_advisory_unlock(2561430764265210495)[0m
  [1m[36mActiveRecord::SchemaMigration Load (0.2ms)[0m  [1m[34mSELECT "schema_migrations".* FROM "schema_migrations"[0m
  [1m[35m (0.2ms)[0m  [1m[34mSELECT pg_try_advisory_lock(2561430764265210495);[0m
  [1m[36mActiveRecord::SchemaMigration Load (0.7ms)[0m  [1m[34mSELECT "schema_migrations".* FROM "schema_migrations"[0m
Migrating to ChangeTypeColumnName (20170424221959)
  [1m[35m (0.2ms)[0m  [1m[35mBEGIN[0m
  [1m[35m (9.2ms)[0m  [1m[35mALTER TABLE "square" RENAME COLUMN "type" TO "category"[0m
  [1m[35m (0.1ms)[0m  [1m[31mROLLBACK[0m
  [1m[35m (0.3ms)[0m  [1m[34mSELECT pg_advisory_unlock(2561430764265210495)[0m
  [1m[35m (0.2ms)[0m  [1m[34mSELECT pg_try_advisory_lock(2561430764265210495);[0m
  [1m[36mActiveRecord::SchemaMigration Load (0.7ms)[0m  [1m[34mSELECT "schema_migrations".* FROM "schema_migrations"[0m
Migrating to ChangeTypeColumnName (20170424221959)
  [1m[35m (0.1ms)[0m  [1m[35mBEGIN[0m
  [1m[35m (0.5ms)[0m  [1m[35mALTER TABLE "squares" RENAME COLUMN "type" TO "category"[0m
  [1m[35mSQL (0.5ms)[0m  [1m[32mINSERT INTO "schema_migrations" ("version") VALUES ($1) RETURNING "version"[0m  [["version", "20170424221959"]]
  [1m[35m (8.5ms)[0m  [1m[35mCOMMIT[0m
  [1m[36mActiveRecord::InternalMetadata Load (0.5ms)[0m  [1m[34mSELECT  "ar_internal_metadata".* FROM "ar_internal_metadata" WHERE "ar_internal_metadata"."key" = $1 LIMIT $2[0m  [["key", :environment], ["LIMIT", 1]]
  [1m[35m (0.1ms)[0m  [1m[35mBEGIN[0m
  [1m[35m (0.1ms)[0m  [1m[35mCOMMIT[0m
  [1m[35m (0.2ms)[0m  [1m[34mSELECT pg_advisory_unlock(2561430764265210495)[0m
  [1m[36mActiveRecord::SchemaMigration Load (0.3ms)[0m  [1m[34mSELECT "schema_migrations".* FROM "schema_migrations"[0m
  [1m[36mActiveRecord::SchemaMigration Load (0.5ms)[0m  [1m[34mSELECT "schema_migrations".* FROM "schema_migrations"[0m
  [1m[35m (0.1ms)[0m  [1m[35mBEGIN[0m
  [1m[35mSQL (1.3ms)[0m  [1m[32mINSERT INTO "squares" ("created_at", "updated_at", "category", "description", "creator", "local_src", "organisation", "exclude") VALUES ($1, $2, $3, $4, $5, $6, $7, $8) RETURNING "id"[0m  [["created_at", 2017-04-24 22:25:00 UTC], ["updated_at", 2017-04-24 22:25:00 UTC], ["category", "I"], ["description", "freespace"], ["creator", ""], ["local_src", "free_space.jpg"], ["organisation", "STJOHNS"], ["exclude", true]]
  [1m[35m (0.4ms)[0m  [1m[35mCOMMIT[0m
  [1m[35m (0.1ms)[0m  [1m[35mBEGIN[0m
  [1m[35mSQL (0.3ms)[0m  [1m[32mINSERT INTO "squares" ("created_at", "updated_at", "category", "description", "creator", "local_src", "organisation", "exclude") VALUES ($1, $2, $3, $4, $5, $6, $7, $8) RETURNING "id"[0m  [["created_at", 2017-04-24 22:25:00 UTC], ["updated_at", 2017-04-24 22:25:00 UTC], ["category", "I"], ["description", "alice"], ["creator", "AG"], ["local_src", "alice_in_wonderland_AG.jpg"], ["organisation", "STJOHNS"], ["exclude", true]]
  [1m[35m (0.3ms)[0m  [1m[35mCOMMIT[0m
  [1m[35m (0.1ms)[0m  [1m[35mBEGIN[0m
  [1m[35mSQL (0.4ms)[0m  [1m[32mINSERT INTO "squares" ("created_at", "updated_at", "category", "description", "creator", "local_src", "organisation", "exclude") VALUES ($1, $2, $3, $4, $5, $6, $7, $8) RETURNING "id"[0m  [["created_at", 2017-04-24 22:25:00 UTC], ["updated_at", 2017-04-24 22:25:00 UTC], ["category", "I"], ["description", "anteater"], ["creator", "HB"], ["local_src", "anteater_HB.jpg"], ["organisation", "STJOHNS"], ["exclude", true]]
  [1m[35m (0.3ms)[0m  [1m[35mCOMMIT[0m
  [1m[35m (0.1ms)[0m  [1m[35mBEGIN[0m
  [1m[35mSQL (0.7ms)[0m  [1m[32mINSERT INTO "squares" ("created_at", "updated_at", "category", "description", "creator", "local_src", "organisation", "exclude") VALUES ($1, $2, $3, $4, $5, $6, $7, $8) RETURNING "id"[0m  [["created_at", 2017-04-24 22:25:00 UTC], ["updated_at", 2017-04-24 22:25:00 UTC], ["category", "I"], ["description", "batman"], ["creator", "AG"], ["local_src", "batman_AG.jpg"], ["organisation", "STJOHNS"], ["exclude", true]]
  [1m[35m (0.4ms)[0m  [1m[35mCOMMIT[0m
  [1m[35m (0.1ms)[0m  [1m[35mBEGIN[0m
  [1m[35mSQL (0.3ms)[0m  [1m[32mINSERT INTO "squares" ("created_at", "updated_at", "category", "description", "creator", "local_src", "organisation", "exclude") VALUES ($1, $2, $3, $4, $5, $6, $7, $8) RETURNING "id"[0m  [["created_at", 2017-04-24 22:25:00 UTC], ["updated_at", 2017-04-24 22:25:00 UTC], ["category", "I"], ["description", "black bat"], ["creator", "JW"], ["local_src", "black_bat_JW.jpg"], ["organisation", "STJOHNS"], ["exclude", true]]
  [1m[35m (0.4ms)[0m  [1m[35mCOMMIT[0m
  [1m[35m (0.1ms)[0m  [1m[35mBEGIN[0m
  [1m[35mSQL (0.3ms)[0m  [1m[32mINSERT INTO "squares" ("created_at", "updated_at", "category", "description", "creator", "local_src", "organisation", "exclude") VALUES ($1, $2, $3, $4, $5, $6, $7, $8) RETURNING "id"[0m  [["created_at", 2017-04-24 22:25:00 UTC], ["updated_at", 2017-04-24 22:25:00 UTC], ["category", "I"], ["description", "blue butterfly"], ["creator", "MR"], ["local_src", "blue_butterfly_MR.jpg"], ["organisation", "STJOHNS"], ["exclude", true]]
  [1m[35m (0.3ms)[0m  [1m[35mCOMMIT[0m
  [1m[35m (0.1ms)[0m  [1m[35mBEGIN[0m
  [1m[35mSQL (0.3ms)[0m  [1m[32mINSERT INTO "squares" ("created_at", "updated_at", "category", "description", "creator", "local_src", "organisation", "exclude") VALUES ($1, $2, $3, $4, $5, $6, $7, $8) RETURNING "id"[0m  [["created_at", 2017-04-24 22:25:00 UTC], ["updated_at", 2017-04-24 22:25:00 UTC], ["category", "I"], ["description", "blue heart"], ["creator", "AY"], ["local_src", "blue_heart_AY.jpg"], ["organisation", "STJOHNS"], ["exclude", true]]
  [1m[35m (0.3ms)[0m  [1m[35mCOMMIT[0m
  [1m[35m (0.1ms)[0m  [1m[35mBEGIN[0m
  [1m[35mSQL (0.3ms)[0m  [1m[32mINSERT INTO "squares" ("created_at", "updated_at", "category", "description", "creator", "local_src", "organisation", "exclude") VALUES ($1, $2, $3, $4, $5, $6, $7, $8) RETURNING "id"[0m  [["created_at", 2017-04-24 22:25:00 UTC], ["updated_at", 2017-04-24 22:25:00 UTC], ["category", "I"], ["description", "blue star"], ["creator", "NY"], ["local_src", "blue_star_NY.jpg"], ["organisation", "STJOHNS"], ["exclude", true]]
  [1m[35m (0.3ms)[0m  [1m[35mCOMMIT[0m
  [1m[35m (0.1ms)[0m  [1m[35mBEGIN[0m
  [1m[35mSQL (0.3ms)[0m  [1m[32mINSERT INTO "squares" ("created_at", "updated_at", "category", "description", "creator", "local_src", "organisation", "exclude") VALUES ($1, $2, $3, $4, $5, $6, $7, $8) RETURNING "id"[0m  [["created_at", 2017-04-24 22:25:00 UTC], ["updated_at", 2017-04-24 22:25:00 UTC], ["category", "I"], ["description", "brown rabbit"], ["creator", "SC"], ["local_src", "brown_rabbit_SC.jpg"], ["organisation", "STJOHNS"], ["exclude", true]]
  [1m[35m (0.3ms)[0m  [1m[35mCOMMIT[0m
  [1m[35m (0.1ms)[0m  [1m[35mBEGIN[0m
  [1m[35mSQL (0.3ms)[0m  [1m[32mINSERT INTO "squares" ("created_at", "updated_at", "category", "description", "creator", "local_src", "organisation", "exclude") VALUES ($1, $2, $3, $4, $5, $6, $7, $8) RETURNING "id"[0m  [["created_at", 2017-04-24 22:25:00 UTC], ["updated_at", 2017-04-24 22:25:00 UTC], ["category", "I"], ["description", "bumble bee"], ["creator", "JW"], ["local_src", "bumble_bee_JW.jpg"], ["organisation", "STJOHNS"], ["exclude", true]]
  [1m[35m (0.4ms)[0m  [1m[35mCOMMIT[0m
  [1m[35m (0.1ms)[0m  [1m[35mBEGIN[0m
  [1m[35mSQL (0.3ms)[0m  [1m[32mINSERT INTO "squares" ("created_at", "updated_at", "category", "description", "creator", "local_src", "organisation", "exclude") VALUES ($1, $2, $3, $4, $5, $6, $7, $8) RETURNING "id"[0m  [["created_at", 2017-04-24 22:25:00 UTC], ["updated_at", 2017-04-24 22:25:00 UTC], ["category", "I"], ["description", "boat"], ["creator", "KD"], ["local_src", "boat_KD.jpg"], ["organisation", "STJOHNS"], ["exclude", true]]
  [1m[35m (0.4ms)[0m  [1m[35mCOMMIT[0m
  [1m[35m (0.1ms)[0m  [1m[35mBEGIN[0m
  [1m[35mSQL (0.3ms)[0m  [1m[32mINSERT INTO "squares" ("created_at", "updated_at", "category", "description", "creator", "local_src", "organisation", "exclude") VALUES ($1, $2, $3, $4, $5, $6, $7, $8) RETURNING "id"[0m  [["created_at", 2017-04-24 22:25:00 UTC], ["updated_at", 2017-04-24 22:25:00 UTC], ["category", "I"], ["description", "castle"], ["creator", "KD"], ["local_src", "castle_KD.jpg"], ["organisation", "STJOHNS"], ["exclude", true]]
  [1m[35m (0.3ms)[0m  [1m[35mCOMMIT[0m
  [1m[35m (0.1ms)[0m  [1m[35mBEGIN[0m
  [1m[35mSQL (0.3ms)[0m  [1m[32mINSERT INTO "squares" ("created_at", "updated_at", "category", "description", "creator", "local_src", "organisation", "exclude") VALUES ($1, $2, $3, $4, $5, $6, $7, $8) RETURNING "id"[0m  [["created_at", 2017-04-24 22:25:00 UTC], ["updated_at", 2017-04-24 22:25:00 UTC], ["category", "I"], ["description", "cat"], ["creator", "BW"], ["local_src", "cat_BW.jpg"], ["organisation", "STJOHNS"], ["exclude", true]]
  [1m[35m (0.4ms)[0m  [1m[35mCOMMIT[0m
  [1m[35m (0.1ms)[0m  [1m[35mBEGIN[0m
  [1m[35mSQL (0.3ms)[0m  [1m[32mINSERT INTO "squares" ("created_at", "updated_at", "category", "description", "creator", "local_src", "organisation", "exclude") VALUES ($1, $2, $3, $4, $5, $6, $7, $8) RETURNING "id"[0m  [["created_at", 2017-04-24 22:25:00 UTC], ["updated_at", 2017-04-24 22:25:00 UTC], ["category", "I"], ["description", "cloud"], ["creator", "CK"], ["local_src", "cloud_CK.png"], ["organisation", "STJOHNS"], ["exclude", true]]
  [1m[35m (0.3ms)[0m  [1m[35mCOMMIT[0m
  [1m[35m (0.1ms)[0m  [1m[35mBEGIN[0m
  [1m[35mSQL (0.3ms)[0m  [1m[32mINSERT INTO "squares" ("created_at", "updated_at", "category", "description", "creator", "local_src", "organisation", "exclude") VALUES ($1, $2, $3, $4, $5, $6, $7, $8) RETURNING "id"[0m  [["created_at", 2017-04-24 22:25:00 UTC], ["updated_at", 2017-04-24 22:25:00 UTC], ["category", "I"], ["description", "cow"], ["creator", "JW"], ["local_src", "cow_JW.jpg"], ["organisation", "STJOHNS"], ["exclude", true]]
  [1m[35m (0.3ms)[0m  [1m[35mCOMMIT[0m
  [1m[35m (0.1ms)[0m  [1m[35mBEGIN[0m
  [1m[35mSQL (0.3ms)[0m  [1m[32mINSERT INTO "squares" ("created_at", "updated_at", "category", "description", "creator", "local_src", "organisation", "exclude") VALUES ($1, $2, $3, $4, $5, $6, $7, $8) RETURNING "id"[0m  [["created_at", 2017-04-24 22:25:00 UTC], ["updated_at", 2017-04-24 22:25:00 UTC], ["category", "I"], ["description", "crab"], ["creator", "LB"], ["local_src", "crab_LB.jpg"], ["organisation", "STJOHNS"], ["exclude", true]]
  [1m[35m (0.3ms)[0m  [1m[35mCOMMIT[0m
  [1m[35m (0.1ms)[0m  [1m[35mBEGIN[0m
  [1m[35mSQL (0.3ms)[0m  [1m[32mINSERT INTO "squares" ("created_at", "updated_at", "category", "description", "creator", "local_src", "organisation", "exclude") VALUES ($1, $2, $3, $4, $5, $6, $7, $8) RETURNING "id"[0m  [["created_at", 2017-04-24 22:25:00 UTC], ["updated_at", 2017-04-24 22:25:00 UTC], ["category", "I"], ["description", "deer"], ["creator", "LB"], ["local_src", "deer_LB.jpg"], ["organisation", "STJOHNS"], ["exclude", true]]
  [1m[35m (0.3ms)[0m  [1m[35mCOMMIT[0m
  [1m[35m (0.1ms)[0m  [1m[35mBEGIN[0m
  [1m[35mSQL (0.3ms)[0m  [1m[32mINSERT INTO "squares" ("created_at", "updated_at", "category", "description", "creator", "local_src", "organisation", "exclude") VALUES ($1, $2, $3, $4, $5, $6, $7, $8) RETURNING "id"[0m  [["created_at", 2017-04-24 22:25:00 UTC], ["updated_at", 2017-04-24 22:25:00 UTC], ["category", "I"], ["description", "dibble"], ["creator", "KW"], ["local_src", "dibble_KW.jpg"], ["organisation", "STJOHNS"], ["exclude", true]]
  [1m[35m (0.3ms)[0m  [1m[35mCOMMIT[0m
  [1m[35m (0.1ms)[0m  [1m[35mBEGIN[0m
  [1m[35mSQL (0.5ms)[0m  [1m[32mINSERT INTO "squares" ("created_at", "updated_at", "category", "description", "creator", "local_src", "organisation", "exclude") VALUES ($1, $2, $3, $4, $5, $6, $7, $8) RETURNING "id"[0m  [["created_at", 2017-04-24 22:25:00 UTC], ["updated_at", 2017-04-24 22:25:00 UTC], ["category", "I"], ["description", "elephant"], ["creator", "HW"], ["local_src", "elephant_HW.jpg"], ["organisation", "STJOHNS"], ["exclude", true]]
  [1m[35m (0.4ms)[0m  [1m[35mCOMMIT[0m
  [1m[35m (0.1ms)[0m  [1m[35mBEGIN[0m
  [1m[35mSQL (0.3ms)[0m  [1m[32mINSERT INTO "squares" ("created_at", "updated_at", "category", "description", "creator", "local_src", "organisation", "exclude") VALUES ($1, $2, $3, $4, $5, $6, $7, $8) RETURNING "id"[0m  [["created_at", 2017-04-24 22:25:00 UTC], ["updated_at", 2017-04-24 22:25:00 UTC], ["category", "I"], ["description", "flower + kisses"], ["creator", "OW"], ["local_src", "flower_with_kisses_OW.jpg"], ["organisation", "STJOHNS"], ["exclude", true]]
  [1m[35m (0.3ms)[0m  [1m[35mCOMMIT[0m
  [1m[35m (0.1ms)[0m  [1m[35mBEGIN[0m
  [1m[35mSQL (0.3ms)[0m  [1m[32mINSERT INTO "squares" ("created_at", "updated_at", "category", "description", "creator", "local_src", "organisation", "exclude") VALUES ($1, $2, $3, $4, $5, $6, $7, $8) RETURNING "id"[0m  [["created_at", 2017-04-24 22:25:00 UTC], ["updated_at", 2017-04-24 22:25:00 UTC], ["category", "I"], ["description", "giraffe"], ["creator", "LB"], ["local_src", "giraffe_LB.jpg"], ["organisation", "STJOHNS"], ["exclude", true]]
  [1m[35m (0.3ms)[0m  [1m[35mCOMMIT[0m
  [1m[35m (0.1ms)[0m  [1m[35mBEGIN[0m
  [1m[35mSQL (0.3ms)[0m  [1m[32mINSERT INTO "squares" ("created_at", "updated_at", "category", "description", "creator", "local_src", "organisation", "exclude") VALUES ($1, $2, $3, $4, $5, $6, $7, $8) RETURNING "id"[0m  [["created_at", 2017-04-24 22:25:00 UTC], ["updated_at", 2017-04-24 22:25:00 UTC], ["category", "I"], ["description", "girl with skirt"], ["creator", "AM"], ["local_src", "girl_with_skirt_AM.jpg"], ["organisation", "STJOHNS"], ["exclude", true]]
  [1m[35m (0.4ms)[0m  [1m[35mCOMMIT[0m
  [1m[35m (0.1ms)[0m  [1m[35mBEGIN[0m
  [1m[35mSQL (0.3ms)[0m  [1m[32mINSERT INTO "squares" ("created_at", "updated_at", "category", "description", "creator", "local_src", "organisation", "exclude") VALUES ($1, $2, $3, $4, $5, $6, $7, $8) RETURNING "id"[0m  [["created_at", 2017-04-24 22:25:00 UTC], ["updated_at", 2017-04-24 22:25:00 UTC], ["category", "I"], ["description", "granny"], ["creator", "AY"], ["local_src", "granny_AY.jpg"], ["organisation", "STJOHNS"], ["exclude", true]]
  [1m[35m (0.3ms)[0m  [1m[35mCOMMIT[0m
  [1m[35m (0.1ms)[0m  [1m[35mBEGIN[0m
  [1m[35mSQL (0.3ms)[0m  [1m[32mINSERT INTO "squares" ("created_at", "updated_at", "category", "description", "creator", "local_src", "organisation", "exclude") VALUES ($1, $2, $3, $4, $5, $6, $7, $8) RETURNING "id"[0m  [["created_at", 2017-04-24 22:25:00 UTC], ["updated_at", 2017-04-24 22:25:00 UTC], ["category", "I"], ["description", "green butterfly"], ["creator", "EP"], ["local_src", "green_butterfly_EP.jpg"], ["organisation", "STJOHNS"], ["exclude", true]]
  [1m[35m (0.3ms)[0m  [1m[35mCOMMIT[0m
  [1m[35m (0.1ms)[0m  [1m[35mBEGIN[0m
  [1m[35mSQL (0.3ms)[0m  [1m[32mINSERT INTO "squares" ("created_at", "updated_at", "category", "description", "creator", "local_src", "organisation", "exclude") VALUES ($1, $2, $3, $4, $5, $6, $7, $8) RETURNING "id"[0m  [["created_at", 2017-04-24 22:25:00 UTC], ["updated_at", 2017-04-24 22:25:00 UTC], ["category", "I"], ["description", "green duck"], ["creator", "LB"], ["local_src", "green_duck_bird_LB.jpg"], ["organisation", "STJOHNS"], ["exclude", true]]
  [1m[35m (0.3ms)[0m  [1m[35mCOMMIT[0m
  [1m[35m (0.1ms)[0m  [1m[35mBEGIN[0m
  [1m[35mSQL (0.3ms)[0m  [1m[32mINSERT INTO "squares" ("created_at", "updated_at", "category", "description", "creator", "local_src", "organisation", "exclude") VALUES ($1, $2, $3, $4, $5, $6, $7, $8) RETURNING "id"[0m  [["created_at", 2017-04-24 22:25:00 UTC], ["updated_at", 2017-04-24 22:25:00 UTC], ["category", "I"], ["description", "hedgehog"], ["creator", "JW"], ["local_src", "hedgehog_JW.jpg"], ["organisation", "STJOHNS"], ["exclude", true]]
  [1m[35m (0.3ms)[0m  [1m[35mCOMMIT[0m
  [1m[35m (0.1ms)[0m  [1m[35mBEGIN[0m
  [1m[35mSQL (0.3ms)[0m  [1m[32mINSERT INTO "squares" ("created_at", "updated_at", "category", "description", "creator", "local_src", "organisation", "exclude") VALUES ($1, $2, $3, $4, $5, $6, $7, $8) RETURNING "id"[0m  [["created_at", 2017-04-24 22:25:00 UTC], ["updated_at", 2017-04-24 22:25:00 UTC], ["category", "I"], ["description", "hermit crab"], ["creator", "AM"], ["local_src", "hermit_crab_AM.jpg"], ["organisation", "STJOHNS"], ["exclude", true]]
  [1m[35m (0.3ms)[0m  [1m[35mCOMMIT[0m
  [1m[35m (0.1ms)[0m  [1m[35mBEGIN[0m
  [1m[35mSQL (0.3ms)[0m  [1m[32mINSERT INTO "squares" ("created_at", "updated_at", "category", "description", "creator", "local_src", "organisation", "exclude") VALUES ($1, $2, $3, $4, $5, $6, $7, $8) RETURNING "id"[0m  [["created_at", 2017-04-24 22:25:00 UTC], ["updated_at", 2017-04-24 22:25:00 UTC], ["category", "I"], ["description", "house and fairy"], ["creator", "AY.jpg"], ["local_src", "house_and_fairy_AY.jpg"], ["organisation", "STJOHNS"], ["exclude", true]]
  [1m[35m (0.3ms)[0m  [1m[35mCOMMIT[0m
  [1m[35m (0.1ms)[0m  [1m[35mBEGIN[0m
  [1m[35mSQL (0.3ms)[0m  [1m[32mINSERT INTO "squares" ("created_at", "updated_at", "category", "description", "creator", "local_src", "organisation", "exclude") VALUES ($1, $2, $3, $4, $5, $6, $7, $8) RETURNING "id"[0m  [["created_at", 2017-04-24 22:25:00 UTC], ["updated_at", 2017-04-24 22:25:00 UTC], ["category", "I"], ["description", "king bob"], ["creator", "AM"], ["local_src", "king_bob_AM.jpg"], ["organisation", "STJOHNS"], ["exclude", true]]
  [1m[35m (0.3ms)[0m  [1m[35mCOMMIT[0m
  [1m[35m (0.1ms)[0m  [1m[35mBEGIN[0m
  [1m[35mSQL (0.3ms)[0m  [1m[32mINSERT INTO "squares" ("created_at", "updated_at", "category", "description", "creator", "local_src", "organisation", "exclude") VALUES ($1, $2, $3, $4, $5, $6, $7, $8) RETURNING "id"[0m  [["created_at", 2017-04-24 22:25:00 UTC], ["updated_at", 2017-04-24 22:25:00 UTC], ["category", "I"], ["description", "lollipop"], ["creator", "FH"], ["local_src", "lollipop_FH.jpg"], ["organisation", "STJOHNS"], ["exclude", true]]
  [1m[35m (0.3ms)[0m  [1m[35mCOMMIT[0m
  [1m[35m (0.1ms)[0m  [1m[35mBEGIN[0m
  [1m[35mSQL (0.3ms)[0m  [1m[32mINSERT INTO "squares" ("created_at", "updated_at", "category", "description", "creator", "local_src", "organisation", "exclude") VALUES ($1, $2, $3, $4, $5, $6, $7, $8) RETURNING "id"[0m  [["created_at", 2017-04-24 22:25:00 UTC], ["updated_at", 2017-04-24 22:25:00 UTC], ["category", "I"], ["description", "mad hatter"], ["creator", "AG"], ["local_src", "mad_hatter_AG.jpg"], ["organisation", "STJOHNS"], ["exclude", true]]
  [1m[35m (0.3ms)[0m  [1m[35mCOMMIT[0m
  [1m[35m (0.1ms)[0m  [1m[35mBEGIN[0m
  [1m[35mSQL (0.3ms)[0m  [1m[32mINSERT INTO "squares" ("created_at", "updated_at", "category", "description", "creator", "local_src", "organisation", "exclude") VALUES ($1, $2, $3, $4, $5, $6, $7, $8) RETURNING "id"[0m  [["created_at", 2017-04-24 22:25:00 UTC], ["updated_at", 2017-04-24 22:25:00 UTC], ["category", "I"], ["description", "mermaid"], ["creator", "FH"], ["local_src", "mermaid_FH.jpg"], ["organisation", "STJOHNS"], ["exclude", true]]
  [1m[35m (0.3ms)[0m  [1m[35mCOMMIT[0m
  [1m[35m (0.1ms)[0m  [1m[35mBEGIN[0m
  [1m[35mSQL (0.4ms)[0m  [1m[32mINSERT INTO "squares" ("created_at", "updated_at", "category", "description", "creator", "local_src", "organisation", "exclude") VALUES ($1, $2, $3, $4, $5, $6, $7, $8) RETURNING "id"[0m  [["created_at", 2017-04-24 22:25:00 UTC], ["updated_at", 2017-04-24 22:25:00 UTC], ["category", "I"], ["description", "mole"], ["creator", "HB"], ["local_src", "mole_HB.jpg"], ["organisation", "STJOHNS"], ["exclude", true]]
  [1m[35m (0.3ms)[0m  [1m[35mCOMMIT[0m
  [1m[35m (0.1ms)[0m  [1m[35mBEGIN[0m
  [1m[35mSQL (0.3ms)[0m  [1m[32mINSERT INTO "squares" ("created_at", "updated_at", "category", "description", "creator", "local_src", "organisation", "exclude") VALUES ($1, $2, $3, $4, $5, $6, $7, $8) RETURNING "id"[0m  [["created_at", 2017-04-24 22:25:00 UTC], ["updated_at", 2017-04-24 22:25:00 UTC], ["category", "I"], ["description", "moon"], ["creator", "JW"], ["local_src", "moon_JW.jpg"], ["organisation", "STJOHNS"], ["exclude", true]]
  [1m[35m (0.3ms)[0m  [1m[35mCOMMIT[0m
  [1m[35m (0.1ms)[0m  [1m[35mBEGIN[0m
  [1m[35mSQL (0.3ms)[0m  [1m[32mINSERT INTO "squares" ("created_at", "updated_at", "category", "description", "creator", "local_src", "organisation", "exclude") VALUES ($1, $2, $3, $4, $5, $6, $7, $8) RETURNING "id"[0m  [["created_at", 2017-04-24 22:25:00 UTC], ["updated_at", 2017-04-24 22:25:00 UTC], ["category", "I"], ["description", "octopus"], ["creator", "LB"], ["local_src", "octopus_LB.jpg"], ["organisation", "STJOHNS"], ["exclude", true]]
  [1m[35m (0.4ms)[0m  [1m[35mCOMMIT[0m
  [1m[35m (0.1ms)[0m  [1m[35mBEGIN[0m
  [1m[35mSQL (0.3ms)[0m  [1m[32mINSERT INTO "squares" ("created_at", "updated_at", "category", "description", "creator", "local_src", "organisation", "exclude") VALUES ($1, $2, $3, $4, $5, $6, $7, $8) RETURNING "id"[0m  [["created_at", 2017-04-24 22:25:00 UTC], ["updated_at", 2017-04-24 22:25:00 UTC], ["category", "I"], ["description", "orange ape"], ["creator", "AG"], ["local_src", "orange_ape_AG.jpg"], ["organisation", "STJOHNS"], ["exclude", true]]
  [1m[35m (0.3ms)[0m  [1m[35mCOMMIT[0m
  [1m[35m (0.1ms)[0m  [1m[35mBEGIN[0m
  [1m[35mSQL (0.3ms)[0m  [1m[32mINSERT INTO "squares" ("created_at", "updated_at", "category", "description", "creator", "local_src", "organisation", "exclude") VALUES ($1, $2, $3, $4, $5, $6, $7, $8) RETURNING "id"[0m  [["created_at", 2017-04-24 22:25:00 UTC], ["updated_at", 2017-04-24 22:25:00 UTC], ["category", "I"], ["description", "orange cat"], ["creator", "CK"], ["local_src", "orange_cat_CK.png"], ["organisation", "STJOHNS"], ["exclude", true]]
  [1m[35m (0.3ms)[0m  [1m[35mCOMMIT[0m
  [1m[35m (0.1ms)[0m  [1m[35mBEGIN[0m
  [1m[35mSQL (0.3ms)[0m  [1m[32mINSERT INTO "squares" ("created_at", "updated_at", "category", "description", "creator", "local_src", "organisation", "exclude") VALUES ($1, $2, $3, $4, $5, $6, $7, $8) RETURNING "id"[0m  [["created_at", 2017-04-24 22:25:00 UTC], ["updated_at", 2017-04-24 22:25:00 UTC], ["category", "I"], ["description", "orange fish"], ["creator", "JW"], ["local_src", "orange_fish_JW.jpg"], ["organisation", "STJOHNS"], ["exclude", true]]
  [1m[35m (0.4ms)[0m  [1m[35mCOMMIT[0m
  [1m[35m (0.1ms)[0m  [1m[35mBEGIN[0m
  [1m[35mSQL (0.5ms)[0m  [1m[32mINSERT INTO "squares" ("created_at", "updated_at", "category", "description", "creator", "local_src", "organisation", "exclude") VALUES ($1, $2, $3, $4, $5, $6, $7, $8) RETURNING "id"[0m  [["created_at", 2017-04-24 22:25:00 UTC], ["updated_at", 2017-04-24 22:25:00 UTC], ["category", "I"], ["description", "penguin"], ["creator", "SC"], ["local_src", "penguin_SC.jpg"], ["organisation", "STJOHNS"], ["exclude", true]]
  [1m[35m (0.4ms)[0m  [1m[35mCOMMIT[0m
  [1m[35m (0.1ms)[0m  [1m[35mBEGIN[0m
  [1m[35mSQL (0.3ms)[0m  [1m[32mINSERT INTO "squares" ("created_at", "updated_at", "category", "description", "creator", "local_src", "organisation", "exclude") VALUES ($1, $2, $3, $4, $5, $6, $7, $8) RETURNING "id"[0m  [["created_at", 2017-04-24 22:25:00 UTC], ["updated_at", 2017-04-24 22:25:00 UTC], ["category", "I"], ["description", "piglet"], ["creator", "LB"], ["local_src", "piglet_LB.jpg"], ["organisation", "STJOHNS"], ["exclude", true]]
  [1m[35m (0.3ms)[0m  [1m[35mCOMMIT[0m
  [1m[35m (0.1ms)[0m  [1m[35mBEGIN[0m
  [1m[35mSQL (0.3ms)[0m  [1m[32mINSERT INTO "squares" ("created_at", "updated_at", "category", "description", "creator", "local_src", "organisation", "exclude") VALUES ($1, $2, $3, $4, $5, $6, $7, $8) RETURNING "id"[0m  [["created_at", 2017-04-24 22:25:00 UTC], ["updated_at", 2017-04-24 22:25:00 UTC], ["category", "I"], ["description", "pink dolphin"], ["creator", "LS"], ["local_src", "pink_dolphin_LS.jpg"], ["organisation", "STJOHNS"], ["exclude", true]]
  [1m[35m (0.3ms)[0m  [1m[35mCOMMIT[0m
  [1m[35m (0.1ms)[0m  [1m[35mBEGIN[0m
  [1m[35mSQL (0.3ms)[0m  [1m[32mINSERT INTO "squares" ("created_at", "updated_at", "category", "description", "creator", "local_src", "organisation", "exclude") VALUES ($1, $2, $3, $4, $5, $6, $7, $8) RETURNING "id"[0m  [["created_at", 2017-04-24 22:25:00 UTC], ["updated_at", 2017-04-24 22:25:00 UTC], ["category", "I"], ["description", "pink elephant"], ["creator", "IC"], ["local_src", "pink_elephant_IC.jpg"], ["organisation", "STJOHNS"], ["exclude", true]]
  [1m[35m (0.3ms)[0m  [1m[35mCOMMIT[0m
  [1m[35m (0.1ms)[0m  [1m[35mBEGIN[0m
  [1m[35mSQL (0.3ms)[0m  [1m[32mINSERT INTO "squares" ("created_at", "updated_at", "category", "description", "creator", "local_src", "organisation", "exclude") VALUES ($1, $2, $3, $4, $5, $6, $7, $8) RETURNING "id"[0m  [["created_at", 2017-04-24 22:25:00 UTC], ["updated_at", 2017-04-24 22:25:00 UTC], ["category", "I"], ["description", "pink rabbit"], ["creator", "JW"], ["local_src", "pink_rabbit_JW.jpg"], ["organisation", "STJOHNS"], ["exclude", true]]
  [1m[35m (0.3ms)[0m  [1m[35mCOMMIT[0m
  [1m[35m (0.1ms)[0m  [1m[35mBEGIN[0m
  [1m[35mSQL (0.3ms)[0m  [1m[32mINSERT INTO "squares" ("created_at", "updated_at", "category", "description", "creator", "local_src", "organisation", "exclude") VALUES ($1, $2, $3, $4, $5, $6, $7, $8) RETURNING "id"[0m  [["created_at", 2017-04-24 22:25:00 UTC], ["updated_at", 2017-04-24 22:25:00 UTC], ["category", "I"], ["description", "pirate"], ["creator", "EOC"], ["local_src", "pirate_EOC.jpg"], ["organisation", "STJOHNS"], ["exclude", true]]
  [1m[35m (0.3ms)[0m  [1m[35mCOMMIT[0m
  [1m[35m (0.1ms)[0m  [1m[35mBEGIN[0m
  [1m[35mSQL (0.3ms)[0m  [1m[32mINSERT INTO "squares" ("created_at", "updated_at", "category", "description", "creator", "local_src", "organisation", "exclude") VALUES ($1, $2, $3, $4, $5, $6, $7, $8) RETURNING "id"[0m  [["created_at", 2017-04-24 22:25:00 UTC], ["updated_at", 2017-04-24 22:25:00 UTC], ["category", "I"], ["description", "princess"], ["creator", "EC"], ["local_src", "princess_EC.jpg"], ["organisation", "STJOHNS"], ["exclude", true]]
  [1m[35m (0.3ms)[0m  [1m[35mCOMMIT[0m
  [1m[35m (0.1ms)[0m  [1m[35mBEGIN[0m
  [1m[35mSQL (0.3ms)[0m  [1m[32mINSERT INTO "squares" ("created_at", "updated_at", "category", "description", "creator", "local_src", "organisation", "exclude") VALUES ($1, $2, $3, $4, $5, $6, $7, $8) RETURNING "id"[0m  [["created_at", 2017-04-24 22:25:00 UTC], ["updated_at", 2017-04-24 22:25:00 UTC], ["category", "I"], ["description", "purple bat"], ["creator", ""], ["local_src", "purple_bat_SOC.jpg"], ["organisation", "STJOHNS"], ["exclude", true]]
  [1m[35m (0.3ms)[0m  [1m[35mCOMMIT[0m
  [1m[35m (0.1ms)[0m  [1m[35mBEGIN[0m
  [1m[35mSQL (0.3ms)[0m  [1m[32mINSERT INTO "squares" ("created_at", "updated_at", "category", "description", "creator", "local_src", "organisation", "exclude") VALUES ($1, $2, $3, $4, $5, $6, $7, $8) RETURNING "id"[0m  [["created_at", 2017-04-24 22:25:00 UTC], ["updated_at", 2017-04-24 22:25:00 UTC], ["category", "I"], ["description", "puss in boots"], ["creator", "AG"], ["local_src", "puss_in_boots_AG.jpg"], ["organisation", "STJOHNS"], ["exclude", true]]
  [1m[35m (0.3ms)[0m  [1m[35mCOMMIT[0m
  [1m[35m (0.1ms)[0m  [1m[35mBEGIN[0m
  [1m[35mSQL (0.5ms)[0m  [1m[32mINSERT INTO "squares" ("created_at", "updated_at", "category", "description", "creator", "local_src", "organisation", "exclude") VALUES ($1, $2, $3, $4, $5, $6, $7, $8) RETURNING "id"[0m  [["created_at", 2017-04-24 22:25:00 UTC], ["updated_at", 2017-04-24 22:25:00 UTC], ["category", "I"], ["description", "rainbow"], ["creator", "CK"], ["local_src", "rainbow_CK.png"], ["organisation", "STJOHNS"], ["exclude", true]]
  [1m[35m (0.4ms)[0m  [1m[35mCOMMIT[0m
  [1m[35m (0.1ms)[0m  [1m[35mBEGIN[0m
  [1m[35mSQL (0.3ms)[0m  [1m[32mINSERT INTO "squares" ("created_at", "updated_at", "category", "description", "creator", "local_src", "organisation", "exclude") VALUES ($1, $2, $3, $4, $5, $6, $7, $8) RETURNING "id"[0m  [["created_at", 2017-04-24 22:25:00 UTC], ["updated_at", 2017-04-24 22:25:00 UTC], ["category", "I"], ["description", "rainbow penguin"], ["creator", "KS"], ["local_src", "rainbow_penguin_KS.jpg"], ["organisation", "STJOHNS"], ["exclude", true]]
  [1m[35m (0.3ms)[0m  [1m[35mCOMMIT[0m
  [1m[35m (0.1ms)[0m  [1m[35mBEGIN[0m
  [1m[35mSQL (0.3ms)[0m  [1m[32mINSERT INTO "squares" ("created_at", "updated_at", "category", "description", "creator", "local_src", "organisation", "exclude") VALUES ($1, $2, $3, $4, $5, $6, $7, $8) RETURNING "id"[0m  [["created_at", 2017-04-24 22:25:00 UTC], ["updated_at", 2017-04-24 22:25:00 UTC], ["category", "I"], ["description", "rainbow pharaoh"], ["creator", "AM"], ["local_src", "rainbow_pharoah_AM.jpg"], ["organisation", "STJOHNS"], ["exclude", true]]
  [1m[35m (0.4ms)[0m  [1m[35mCOMMIT[0m
  [1m[35m (0.1ms)[0m  [1m[35mBEGIN[0m
  [1m[35mSQL (0.3ms)[0m  [1m[32mINSERT INTO "squares" ("created_at", "updated_at", "category", "description", "creator", "local_src", "organisation", "exclude") VALUES ($1, $2, $3, $4, $5, $6, $7, $8) RETURNING "id"[0m  [["created_at", 2017-04-24 22:25:00 UTC], ["updated_at", 2017-04-24 22:25:00 UTC], ["category", "I"], ["description", "red bird"], ["creator", "MR"], ["local_src", "red_bird_MR.jpg"], ["organisation", "STJOHNS"], ["exclude", true]]
  [1m[35m (0.3ms)[0m  [1m[35mCOMMIT[0m
  [1m[35m (0.1ms)[0m  [1m[35mBEGIN[0m
  [1m[35mSQL (0.3ms)[0m  [1m[32mINSERT INTO "squares" ("created_at", "updated_at", "category", "description", "creator", "local_src", "organisation", "exclude") VALUES ($1, $2, $3, $4, $5, $6, $7, $8) RETURNING "id"[0m  [["created_at", 2017-04-24 22:25:00 UTC], ["updated_at", 2017-04-24 22:25:00 UTC], ["category", "I"], ["description", "red butterfly"], ["creator", "AM"], ["local_src", "red_butterfly_AM.jpg"], ["organisation", "STJOHNS"], ["exclude", true]]
  [1m[35m (0.3ms)[0m  [1m[35mCOMMIT[0m
  [1m[35m (0.1ms)[0m  [1m[35mBEGIN[0m
  [1m[35mSQL (0.3ms)[0m  [1m[32mINSERT INTO "squares" ("created_at", "updated_at", "category", "description", "creator", "local_src", "organisation", "exclude") VALUES ($1, $2, $3, $4, $5, $6, $7, $8) RETURNING "id"[0m  [["created_at", 2017-04-24 22:25:00 UTC], ["updated_at", 2017-04-24 22:25:00 UTC], ["category", "I"], ["description", "red heart"], ["creator", "KD"], ["local_src", "red_heart_KD.jpg"], ["organisation", "STJOHNS"], ["exclude", true]]
  [1m[35m (0.3ms)[0m  [1m[35mCOMMIT[0m
  [1m[35m (0.1ms)[0m  [1m[35mBEGIN[0m
  [1m[35mSQL (0.3ms)[0m  [1m[32mINSERT INTO "squares" ("created_at", "updated_at", "category", "description", "creator", "local_src", "organisation", "exclude") VALUES ($1, $2, $3, $4, $5, $6, $7, $8) RETURNING "id"[0m  [["created_at", 2017-04-24 22:25:00 UTC], ["updated_at", 2017-04-24 22:25:00 UTC], ["category", "I"], ["description", "red snake"], ["creator", "EOC"], ["local_src", "red_snake_EOC.jpg"], ["organisation", "STJOHNS"], ["exclude", true]]
  [1m[35m (0.3ms)[0m  [1m[35mCOMMIT[0m
  [1m[35m (0.1ms)[0m  [1m[35mBEGIN[0m
  [1m[35mSQL (0.3ms)[0m  [1m[32mINSERT INTO "squares" ("created_at", "updated_at", "category", "description", "creator", "local_src", "organisation", "exclude") VALUES ($1, $2, $3, $4, $5, $6, $7, $8) RETURNING "id"[0m  [["created_at", 2017-04-24 22:25:00 UTC], ["updated_at", 2017-04-24 22:25:00 UTC], ["category", "I"], ["description", "snail"], ["creator", "MR"], ["local_src", "snail_MR.jpg"], ["organisation", "STJOHNS"], ["exclude", true]]
  [1m[35m (0.3ms)[0m  [1m[35mCOMMIT[0m
  [1m[35m (0.1ms)[0m  [1m[35mBEGIN[0m
  [1m[35mSQL (0.4ms)[0m  [1m[32mINSERT INTO "squares" ("created_at", "updated_at", "category", "description", "creator", "local_src", "organisation", "exclude") VALUES ($1, $2, $3, $4, $5, $6, $7, $8) RETURNING "id"[0m  [["created_at", 2017-04-24 22:25:00 UTC], ["updated_at", 2017-04-24 22:25:00 UTC], ["category", "I"], ["description", "sun"], ["creator", "CK"], ["local_src", "sun_CK.png"], ["organisation", "STJOHNS"], ["exclude", true]]
  [1m[35m (0.3ms)[0m  [1m[35mCOMMIT[0m
  [1m[35m (0.1ms)[0m  [1m[35mBEGIN[0m
  [1m[35mSQL (0.3ms)[0m  [1m[32mINSERT INTO "squares" ("created_at", "updated_at", "category", "description", "creator", "local_src", "organisation", "exclude") VALUES ($1, $2, $3, $4, $5, $6, $7, $8) RETURNING "id"[0m  [["created_at", 2017-04-24 22:25:00 UTC], ["updated_at", 2017-04-24 22:25:00 UTC], ["category", "I"], ["description", "teddy bear"], ["creator", "KD"], ["local_src", "teddy_bear_KD.jpg"], ["organisation", "STJOHNS"], ["exclude", true]]
  [1m[35m (0.3ms)[0m  [1m[35mCOMMIT[0m
  [1m[35m (0.1ms)[0m  [1m[35mBEGIN[0m
  [1m[35mSQL (0.3ms)[0m  [1m[32mINSERT INTO "squares" ("created_at", "updated_at", "category", "description", "creator", "local_src", "organisation", "exclude") VALUES ($1, $2, $3, $4, $5, $6, $7, $8) RETURNING "id"[0m  [["created_at", 2017-04-24 22:25:00 UTC], ["updated_at", 2017-04-24 22:25:00 UTC], ["category", "I"], ["description", "three butterflies"], ["creator", "KD"], ["local_src", "three_butterflies_KD.jpg"], ["organisation", "STJOHNS"], ["exclude", true]]
  [1m[35m (0.3ms)[0m  [1m[35mCOMMIT[0m
  [1m[35m (0.1ms)[0m  [1m[35mBEGIN[0m
  [1m[35mSQL (0.3ms)[0m  [1m[32mINSERT INTO "squares" ("created_at", "updated_at", "category", "description", "creator", "local_src", "organisation", "exclude") VALUES ($1, $2, $3, $4, $5, $6, $7, $8) RETURNING "id"[0m  [["created_at", 2017-04-24 22:25:00 UTC], ["updated_at", 2017-04-24 22:25:00 UTC], ["category", "I"], ["description", "three cats"], ["creator", "HW"], ["local_src", "three_cats_HW.jpg"], ["organisation", "STJOHNS"], ["exclude", true]]
  [1m[35m (0.3ms)[0m  [1m[35mCOMMIT[0m
  [1m[35m (0.1ms)[0m  [1m[35mBEGIN[0m
  [1m[35mSQL (0.3ms)[0m  [1m[32mINSERT INTO "squares" ("created_at", "updated_at", "category", "description", "creator", "local_src", "organisation", "exclude") VALUES ($1, $2, $3, $4, $5, $6, $7, $8) RETURNING "id"[0m  [["created_at", 2017-04-24 22:25:00 UTC], ["updated_at", 2017-04-24 22:25:00 UTC], ["category", "I"], ["description", "three giraffe"], ["creator", "BD"], ["local_src", "three_giraffe_BD.jpg"], ["organisation", "STJOHNS"], ["exclude", true]]
  [1m[35m (0.3ms)[0m  [1m[35mCOMMIT[0m
  [1m[35m (0.1ms)[0m  [1m[35mBEGIN[0m
  [1m[35mSQL (0.3ms)[0m  [1m[32mINSERT INTO "squares" ("created_at", "updated_at", "category", "description", "creator", "local_src", "organisation", "exclude") VALUES ($1, $2, $3, $4, $5, $6, $7, $8) RETURNING "id"[0m  [["created_at", 2017-04-24 22:25:00 UTC], ["updated_at", 2017-04-24 22:25:00 UTC], ["category", "I"], ["description", "three hearts"], ["creator", "FH"], ["local_src", "three_hearts_FH.jpg"], ["organisation", "STJOHNS"], ["exclude", true]]
  [1m[35m (0.3ms)[0m  [1m[35mCOMMIT[0m
  [1m[35m (0.1ms)[0m  [1m[35mBEGIN[0m
  [1m[35mSQL (0.3ms)[0m  [1m[32mINSERT INTO "squares" ("created_at", "updated_at", "category", "description", "creator", "local_src", "organisation", "exclude") VALUES ($1, $2, $3, $4, $5, $6, $7, $8) RETURNING "id"[0m  [["created_at", 2017-04-24 22:25:00 UTC], ["updated_at", 2017-04-24 22:25:00 UTC], ["category", "I"], ["description", "three rainbows"], ["creator", "MR"], ["local_src", "three_rainbows_MR.jpg"], ["organisation", "STJOHNS"], ["exclude", true]]
  [1m[35m (0.3ms)[0m  [1m[35mCOMMIT[0m
  [1m[35m (0.1ms)[0m  [1m[35mBEGIN[0m
  [1m[35mSQL (0.3ms)[0m  [1m[32mINSERT INTO "squares" ("created_at", "updated_at", "category", "description", "creator", "local_src", "organisation", "exclude") VALUES ($1, $2, $3, $4, $5, $6, $7, $8) RETURNING "id"[0m  [["created_at", 2017-04-24 22:25:00 UTC], ["updated_at", 2017-04-24 22:25:00 UTC], ["category", "I"], ["description", "three suns"], ["creator", "FH"], ["local_src", "three_suns_FH.jpg"], ["organisation", "STJOHNS"], ["exclude", true]]
  [1m[35m (0.3ms)[0m  [1m[35mCOMMIT[0m
  [1m[35m (0.1ms)[0m  [1m[35mBEGIN[0m
  [1m[35mSQL (0.3ms)[0m  [1m[32mINSERT INTO "squares" ("created_at", "updated_at", "category", "description", "creator", "local_src", "organisation", "exclude") VALUES ($1, $2, $3, $4, $5, $6, $7, $8) RETURNING "id"[0m  [["created_at", 2017-04-24 22:25:00 UTC], ["updated_at", 2017-04-24 22:25:00 UTC], ["category", "I"], ["description", "tiger"], ["creator", "AG"], ["local_src", "tiger_AG.jpg"], ["organisation", "STJOHNS"], ["exclude", true]]
  [1m[35m (0.3ms)[0m  [1m[35mCOMMIT[0m
  [1m[35m (0.1ms)[0m  [1m[35mBEGIN[0m
  [1m[35mSQL (0.5ms)[0m  [1m[32mINSERT INTO "squares" ("created_at", "updated_at", "category", "description", "creator", "local_src", "organisation", "exclude") VALUES ($1, $2, $3, $4, $5, $6, $7, $8) RETURNING "id"[0m  [["created_at", 2017-04-24 22:25:00 UTC], ["updated_at", 2017-04-24 22:25:00 UTC], ["category", "I"], ["description", "turtle"], ["creator", "LB"], ["local_src", "turtle_LB.jpg"], ["organisation", "STJOHNS"], ["exclude", true]]
  [1m[35m (0.4ms)[0m  [1m[35mCOMMIT[0m
  [1m[35m (0.1ms)[0m  [1m[35mBEGIN[0m
  [1m[35mSQL (0.3ms)[0m  [1m[32mINSERT INTO "squares" ("created_at", "updated_at", "category", "description", "creator", "local_src", "organisation", "exclude") VALUES ($1, $2, $3, $4, $5, $6, $7, $8) RETURNING "id"[0m  [["created_at", 2017-04-24 22:25:00 UTC], ["updated_at", 2017-04-24 22:25:00 UTC], ["category", "I"], ["description", "yellow mouse"], ["creator", "HW"], ["local_src", "yellow_mouse_HW.jpg"], ["organisation", "STJOHNS"], ["exclude", true]]
  [1m[35m (0.3ms)[0m  [1m[35mCOMMIT[0m
  [1m[35m (0.1ms)[0m  [1m[35mBEGIN[0m
  [1m[35mSQL (0.3ms)[0m  [1m[32mINSERT INTO "squares" ("created_at", "updated_at", "category", "description", "creator", "local_src", "organisation", "exclude") VALUES ($1, $2, $3, $4, $5, $6, $7, $8) RETURNING "id"[0m  [["created_at", 2017-04-24 22:25:00 UTC], ["updated_at", 2017-04-24 22:25:00 UTC], ["category", "I"], ["description", "pink fairy"], ["creator", "AY"], ["local_src", "pink_fairy_AY.jpg"], ["organisation", "STJOHNS"], ["exclude", true]]
  [1m[35m (0.3ms)[0m  [1m[35mCOMMIT[0m
  [1m[35m (0.1ms)[0m  [1m[35mBEGIN[0m
  [1m[35mSQL (0.3ms)[0m  [1m[32mINSERT INTO "squares" ("created_at", "updated_at", "category", "description", "creator", "local_src", "organisation", "exclude") VALUES ($1, $2, $3, $4, $5, $6, $7, $8) RETURNING "id"[0m  [["created_at", 2017-04-24 22:25:00 UTC], ["updated_at", 2017-04-24 22:25:00 UTC], ["category", "I"], ["description", "potato man"], ["creator", "GP"], ["local_src", "potato_man_GP.jpg"], ["organisation", "STJOHNS"], ["exclude", true]]
  [1m[35m (0.3ms)[0m  [1m[35mCOMMIT[0m
  [1m[35m (0.1ms)[0m  [1m[35mBEGIN[0m
  [1m[35mSQL (0.3ms)[0m  [1m[32mINSERT INTO "squares" ("created_at", "updated_at", "category", "description", "creator", "local_src", "organisation", "exclude") VALUES ($1, $2, $3, $4, $5, $6, $7, $8) RETURNING "id"[0m  [["created_at", 2017-04-24 22:25:00 UTC], ["updated_at", 2017-04-24 22:25:00 UTC], ["category", "I"], ["description", "sea horse"], ["creator", "LB"], ["local_src", "sea_horse_LB.jpg"], ["organisation", "STJOHNS"], ["exclude", true]]
  [1m[35m (0.3ms)[0m  [1m[35mCOMMIT[0m
  [1m[35m (0.1ms)[0m  [1m[35mBEGIN[0m
  [1m[35mSQL (0.3ms)[0m  [1m[32mINSERT INTO "squares" ("created_at", "updated_at", "category", "description", "creator", "local_src", "organisation", "exclude") VALUES ($1, $2, $3, $4, $5, $6, $7, $8) RETURNING "id"[0m  [["created_at", 2017-04-24 22:25:00 UTC], ["updated_at", 2017-04-24 22:25:00 UTC], ["category", "I"], ["description", "sea urchin"], ["creator", "HB"], ["local_src", "sea_urchin_HB.jpg"], ["organisation", "STJOHNS"], ["exclude", true]]
  [1m[35m (0.3ms)[0m  [1m[35mCOMMIT[0m
  [1m[35m (0.1ms)[0m  [1m[35mBEGIN[0m
  [1m[35mSQL (0.3ms)[0m  [1m[32mINSERT INTO "squares" ("created_at", "updated_at", "category", "description", "creator", "local_src", "organisation", "exclude") VALUES ($1, $2, $3, $4, $5, $6, $7, $8) RETURNING "id"[0m  [["created_at", 2017-04-24 22:25:00 UTC], ["updated_at", 2017-04-24 22:25:00 UTC], ["category", "I"], ["description", "teddy in heart"], ["creator", "NY"], ["local_src", "teddy_in_heart_NY.jpg"], ["organisation", "STJOHNS"], ["exclude", true]]
  [1m[35m (0.3ms)[0m  [1m[35mCOMMIT[0m
  [1m[35m (0.1ms)[0m  [1m[35mBEGIN[0m
  [1m[35mSQL (0.3ms)[0m  [1m[32mINSERT INTO "squares" ("created_at", "updated_at", "category", "description", "creator", "local_src", "organisation", "exclude") VALUES ($1, $2, $3, $4, $5, $6, $7, $8) RETURNING "id"[0m  [["created_at", 2017-04-24 22:25:00 UTC], ["updated_at", 2017-04-24 22:25:00 UTC], ["category", "I"], ["description", "three flowers"], ["creator", "KD"], ["local_src", "three_flowers_KD.jpg"], ["organisation", "STJOHNS"], ["exclude", true]]
  [1m[35m (0.3ms)[0m  [1m[35mCOMMIT[0m
  [1m[35m (0.1ms)[0m  [1m[35mBEGIN[0m
  [1m[35mSQL (0.3ms)[0m  [1m[32mINSERT INTO "squares" ("created_at", "updated_at", "category", "description", "creator", "local_src", "organisation", "exclude") VALUES ($1, $2, $3, $4, $5, $6, $7, $8) RETURNING "id"[0m  [["created_at", 2017-04-24 22:25:00 UTC], ["updated_at", 2017-04-24 22:25:00 UTC], ["category", "I"], ["description", "whale"], ["creator", "LB"], ["local_src", "whale_LB.jpg"], ["organisation", "STJOHNS"], ["exclude", true]]
  [1m[35m (0.3ms)[0m  [1m[35mCOMMIT[0m
  [1m[35m (0.1ms)[0m  [1m[35mBEGIN[0m
  [1m[35mSQL (0.3ms)[0m  [1m[32mINSERT INTO "squares" ("created_at", "updated_at", "category", "description", "creator", "local_src", "organisation", "exclude") VALUES ($1, $2, $3, $4, $5, $6, $7, $8) RETURNING "id"[0m  [["created_at", 2017-04-24 22:25:00 UTC], ["updated_at", 2017-04-24 22:25:00 UTC], ["category", "I"], ["description", "wonder woman"], ["creator", "AG"], ["local_src", "wonder_woman_AG.jpg"], ["organisation", "STJOHNS"], ["exclude", true]]
  [1m[35m (0.3ms)[0m  [1m[35mCOMMIT[0m
  [1m[35m (0.1ms)[0m  [1m[35mBEGIN[0m
  [1m[35mSQL (0.3ms)[0m  [1m[32mINSERT INTO "squares" ("created_at", "updated_at", "category", "description", "creator", "local_src", "organisation", "exclude") VALUES ($1, $2, $3, $4, $5, $6, $7, $8) RETURNING "id"[0m  [["created_at", 2017-04-24 22:25:00 UTC], ["updated_at", 2017-04-24 22:25:00 UTC], ["category", "I"], ["description", "march hare"], ["creator", "AG"], ["local_src", "march_hare_AG.jpg"], ["organisation", "STJOHNS"], ["exclude", true]]
  [1m[35m (0.3ms)[0m  [1m[35mCOMMIT[0m
  [1m[35m (0.1ms)[0m  [1m[35mBEGIN[0m
  [1m[35mSQL (0.3ms)[0m  [1m[32mINSERT INTO "squares" ("created_at", "updated_at", "category", "description", "organisation", "exclude", "number") VALUES ($1, $2, $3, $4, $5, $6, $7) RETURNING "id"[0m  [["created_at", 2017-04-24 22:25:00 UTC], ["updated_at", 2017-04-24 22:25:00 UTC], ["category", "N"], ["description", "At the beginning"], ["organisation", "ALL"], ["exclude", true], ["number", 1]]
  [1m[35m (0.3ms)[0m  [1m[35mCOMMIT[0m
  [1m[35m (0.1ms)[0m  [1m[35mBEGIN[0m
  [1m[35mSQL (0.3ms)[0m  [1m[32mINSERT INTO "squares" ("created_at", "updated_at", "category", "description", "organisation", "exclude", "number") VALUES ($1, $2, $3, $4, $5, $6, $7) RETURNING "id"[0m  [["created_at", 2017-04-24 22:25:00 UTC], ["updated_at", 2017-04-24 22:25:00 UTC], ["category", "N"], ["description", "One little duck (QUACK!)"], ["organisation", "ALL"], ["exclude", true], ["number", 2]]
  [1m[35m (0.3ms)[0m  [1m[35mCOMMIT[0m
  [1m[35m (0.1ms)[0m  [1m[35mBEGIN[0m
  [1m[35mSQL (0.5ms)[0m  [1m[32mINSERT INTO "squares" ("created_at", "updated_at", "category", "description", "organisation", "exclude", "number") VALUES ($1, $2, $3, $4, $5, $6, $7) RETURNING "id"[0m  [["created_at", 2017-04-24 22:25:00 UTC], ["updated_at", 2017-04-24 22:25:00 UTC], ["category", "N"], ["description", "One little flea"], ["organisation", "ALL"], ["exclude", true], ["number", 3]]
  [1m[35m (0.3ms)[0m  [1m[35mCOMMIT[0m
  [1m[35m (0.1ms)[0m  [1m[35mBEGIN[0m
  [1m[35mSQL (0.3ms)[0m  [1m[32mINSERT INTO "squares" ("created_at", "updated_at", "category", "description", "organisation", "exclude", "number") VALUES ($1, $2, $3, $4, $5, $6, $7) RETURNING "id"[0m  [["created_at", 2017-04-24 22:25:00 UTC], ["updated_at", 2017-04-24 22:25:00 UTC], ["category", "N"], ["description", "Knock at the door"], ["organisation", "ALL"], ["exclude", true], ["number", 4]]
  [1m[35m (0.3ms)[0m  [1m[35mCOMMIT[0m
  [1m[35m (0.1ms)[0m  [1m[35mBEGIN[0m
  [1m[35mSQL (0.3ms)[0m  [1m[32mINSERT INTO "squares" ("created_at", "updated_at", "category", "description", "organisation", "exclude", "number") VALUES ($1, $2, $3, $4, $5, $6, $7) RETURNING "id"[0m  [["created_at", 2017-04-24 22:25:00 UTC], ["updated_at", 2017-04-24 22:25:00 UTC], ["category", "N"], ["description", "Man alive"], ["organisation", "ALL"], ["exclude", true], ["number", 5]]
  [1m[35m (0.3ms)[0m  [1m[35mCOMMIT[0m
  [1m[35m (0.1ms)[0m  [1m[35mBEGIN[0m
  [1m[35mSQL (0.3ms)[0m  [1m[32mINSERT INTO "squares" ("created_at", "updated_at", "category", "description", "organisation", "exclude", "number") VALUES ($1, $2, $3, $4, $5, $6, $7) RETURNING "id"[0m  [["created_at", 2017-04-24 22:25:00 UTC], ["updated_at", 2017-04-24 22:25:00 UTC], ["category", "N"], ["description", "Half a dozen"], ["organisation", "ALL"], ["exclude", true], ["number", 6]]
  [1m[35m (0.3ms)[0m  [1m[35mCOMMIT[0m
  [1m[35m (0.1ms)[0m  [1m[35mBEGIN[0m
  [1m[35mSQL (0.3ms)[0m  [1m[32mINSERT INTO "squares" ("created_at", "updated_at", "category", "description", "organisation", "exclude", "number") VALUES ($1, $2, $3, $4, $5, $6, $7) RETURNING "id"[0m  [["created_at", 2017-04-24 22:25:00 UTC], ["updated_at", 2017-04-24 22:25:00 UTC], ["category", "N"], ["description", "David Beckham"], ["organisation", "ALL"], ["exclude", true], ["number", 7]]
  [1m[35m (0.3ms)[0m  [1m[35mCOMMIT[0m
  [1m[35m (0.1ms)[0m  [1m[35mBEGIN[0m
  [1m[35mSQL (0.3ms)[0m  [1m[32mINSERT INTO "squares" ("created_at", "updated_at", "category", "description", "organisation", "exclude", "number") VALUES ($1, $2, $3, $4, $5, $6, $7) RETURNING "id"[0m  [["created_at", 2017-04-24 22:25:00 UTC], ["updated_at", 2017-04-24 22:25:00 UTC], ["category", "N"], ["description", "She's always late"], ["organisation", "ALL"], ["exclude", true], ["number", 8]]
  [1m[35m (0.3ms)[0m  [1m[35mCOMMIT[0m
  [1m[35m (0.2ms)[0m  [1m[35mBEGIN[0m
  [1m[35mSQL (0.4ms)[0m  [1m[32mINSERT INTO "squares" ("created_at", "updated_at", "category", "description", "organisation", "exclude", "number") VALUES ($1, $2, $3, $4, $5, $6, $7) RETURNING "id"[0m  [["created_at", 2017-04-24 22:25:00 UTC], ["updated_at", 2017-04-24 22:25:00 UTC], ["category", "N"], ["description", ""], ["organisation", "ALL"], ["exclude", true], ["number", 9]]
  [1m[35m (0.4ms)[0m  [1m[35mCOMMIT[0m
  [1m[35m (0.1ms)[0m  [1m[35mBEGIN[0m
  [1m[35mSQL (0.3ms)[0m  [1m[32mINSERT INTO "squares" ("created_at", "updated_at", "category", "description", "organisation", "exclude", "number") VALUES ($1, $2, $3, $4, $5, $6, $7) RETURNING "id"[0m  [["created_at", 2017-04-24 22:25:00 UTC], ["updated_at", 2017-04-24 22:25:00 UTC], ["category", "N"], ["description", "David's Den"], ["organisation", "ALL"], ["exclude", true], ["number", 10]]
  [1m[35m (0.3ms)[0m  [1m[35mCOMMIT[0m
  [1m[35m (0.1ms)[0m  [1m[35mBEGIN[0m
  [1m[35mSQL (0.3ms)[0m  [1m[32mINSERT INTO "squares" ("created_at", "updated_at", "category", "description", "organisation", "exclude", "number") VALUES ($1, $2, $3, $4, $5, $6, $7) RETURNING "id"[0m  [["created_at", 2017-04-24 22:25:00 UTC], ["updated_at", 2017-04-24 22:25:00 UTC], ["category", "N"], ["description", "Legs Eleven"], ["organisation", "ALL"], ["exclude", true], ["number", 11]]
  [1m[35m (0.3ms)[0m  [1m[35mCOMMIT[0m
  [1m[35m (0.1ms)[0m  [1m[35mBEGIN[0m
  [1m[35mSQL (0.3ms)[0m  [1m[32mINSERT INTO "squares" ("created_at", "updated_at", "category", "description", "organisation", "exclude", "number") VALUES ($1, $2, $3, $4, $5, $6, $7) RETURNING "id"[0m  [["created_at", 2017-04-24 22:25:00 UTC], ["updated_at", 2017-04-24 22:25:00 UTC], ["category", "N"], ["description", "One dozen"], ["organisation", "ALL"], ["exclude", true], ["number", 12]]
  [1m[35m (0.3ms)[0m  [1m[35mCOMMIT[0m
  [1m[35m (0.1ms)[0m  [1m[35mBEGIN[0m
  [1m[35mSQL (0.3ms)[0m  [1m[32mINSERT INTO "squares" ("created_at", "updated_at", "category", "description", "organisation", "exclude", "number") VALUES ($1, $2, $3, $4, $5, $6, $7) RETURNING "id"[0m  [["created_at", 2017-04-24 22:25:00 UTC], ["updated_at", 2017-04-24 22:25:00 UTC], ["category", "N"], ["description", "Unlucky for some"], ["organisation", "ALL"], ["exclude", true], ["number", 13]]
  [1m[35m (0.3ms)[0m  [1m[35mCOMMIT[0m
  [1m[35m (0.1ms)[0m  [1m[35mBEGIN[0m
  [1m[35mSQL (0.3ms)[0m  [1m[32mINSERT INTO "squares" ("created_at", "updated_at", "category", "description", "organisation", "exclude", "number") VALUES ($1, $2, $3, $4, $5, $6, $7) RETURNING "id"[0m  [["created_at", 2017-04-24 22:25:00 UTC], ["updated_at", 2017-04-24 22:25:00 UTC], ["category", "N"], ["description", "Valentine's Day"], ["organisation", "ALL"], ["exclude", true], ["number", 14]]
  [1m[35m (0.3ms)[0m  [1m[35mCOMMIT[0m
  [1m[35m (0.1ms)[0m  [1m[35mBEGIN[0m
  [1m[35mSQL (0.3ms)[0m  [1m[32mINSERT INTO "squares" ("created_at", "updated_at", "category", "description", "organisation", "exclude", "number") VALUES ($1, $2, $3, $4, $5, $6, $7) RETURNING "id"[0m  [["created_at", 2017-04-24 22:25:00 UTC], ["updated_at", 2017-04-24 22:25:00 UTC], ["category", "N"], ["description", ""], ["organisation", "ALL"], ["exclude", true], ["number", 15]]
  [1m[35m (0.3ms)[0m  [1m[35mCOMMIT[0m
  [1m[35m (0.1ms)[0m  [1m[35mBEGIN[0m
  [1m[35mSQL (0.3ms)[0m  [1m[32mINSERT INTO "squares" ("created_at", "updated_at", "category", "description", "organisation", "exclude", "number") VALUES ($1, $2, $3, $4, $5, $6, $7) RETURNING "id"[0m  [["created_at", 2017-04-24 22:25:00 UTC], ["updated_at", 2017-04-24 22:25:00 UTC], ["category", "N"], ["description", ""], ["organisation", "ALL"], ["exclude", true], ["number", 16]]
  [1m[35m (0.3ms)[0m  [1m[35mCOMMIT[0m
  [1m[35m (0.1ms)[0m  [1m[35mBEGIN[0m
  [1m[35mSQL (0.3ms)[0m  [1m[32mINSERT INTO "squares" ("created_at", "updated_at", "category", "description", "organisation", "exclude", "number") VALUES ($1, $2, $3, $4, $5, $6, $7) RETURNING "id"[0m  [["created_at", 2017-04-24 22:25:00 UTC], ["updated_at", 2017-04-24 22:25:00 UTC], ["category", "N"], ["description", "Dancing Queen"], ["organisation", "ALL"], ["exclude", true], ["number", 17]]
  [1m[35m (0.3ms)[0m  [1m[35mCOMMIT[0m
  [1m[35m (0.1ms)[0m  [1m[35mBEGIN[0m
  [1m[35mSQL (0.3ms)[0m  [1m[32mINSERT INTO "squares" ("created_at", "updated_at", "category", "description", "organisation", "exclude", "number") VALUES ($1, $2, $3, $4, $5, $6, $7) RETURNING "id"[0m  [["created_at", 2017-04-24 22:25:00 UTC], ["updated_at", 2017-04-24 22:25:00 UTC], ["category", "N"], ["description", ""], ["organisation", "ALL"], ["exclude", true], ["number", 18]]
  [1m[35m (0.3ms)[0m  [1m[35mCOMMIT[0m
  [1m[35m (0.1ms)[0m  [1m[35mBEGIN[0m
  [1m[35mSQL (0.3ms)[0m  [1m[32mINSERT INTO "squares" ("created_at", "updated_at", "category", "description", "organisation", "exclude", "number") VALUES ($1, $2, $3, $4, $5, $6, $7) RETURNING "id"[0m  [["created_at", 2017-04-24 22:25:00 UTC], ["updated_at", 2017-04-24 22:25:00 UTC], ["category", "N"], ["description", "Goodbye teens"], ["organisation", "ALL"], ["exclude", true], ["number", 19]]
  [1m[35m (0.3ms)[0m  [1m[35mCOMMIT[0m
  [1m[35m (0.1ms)[0m  [1m[35mBEGIN[0m
  [1m[35mSQL (0.3ms)[0m  [1m[32mINSERT INTO "squares" ("created_at", "updated_at", "category", "description", "organisation", "exclude", "number") VALUES ($1, $2, $3, $4, $5, $6, $7) RETURNING "id"[0m  [["created_at", 2017-04-24 22:25:00 UTC], ["updated_at", 2017-04-24 22:25:00 UTC], ["category", "N"], ["description", "One score"], ["organisation", "ALL"], ["exclude", true], ["number", 20]]
  [1m[35m (0.3ms)[0m  [1m[35mCOMMIT[0m
  [1m[35m (0.1ms)[0m  [1m[35mBEGIN[0m
  [1m[35mSQL (0.3ms)[0m  [1m[32mINSERT INTO "squares" ("created_at", "updated_at", "category", "description", "organisation", "exclude", "number") VALUES ($1, $2, $3, $4, $5, $6, $7) RETURNING "id"[0m  [["created_at", 2017-04-24 22:25:00 UTC], ["updated_at", 2017-04-24 22:25:00 UTC], ["category", "N"], ["description", "Key of the door"], ["organisation", "ALL"], ["exclude", true], ["number", 21]]
  [1m[35m (0.3ms)[0m  [1m[35mCOMMIT[0m
  [1m[35m (0.1ms)[0m  [1m[35mBEGIN[0m
  [1m[35mSQL (0.3ms)[0m  [1m[32mINSERT INTO "squares" ("created_at", "updated_at", "category", "description", "organisation", "exclude", "number") VALUES ($1, $2, $3, $4, $5, $6, $7) RETURNING "id"[0m  [["created_at", 2017-04-24 22:25:00 UTC], ["updated_at", 2017-04-24 22:25:00 UTC], ["category", "N"], ["description", "Two little ducks"], ["organisation", "ALL"], ["exclude", true], ["number", 22]]
  [1m[35m (0.3ms)[0m  [1m[35mCOMMIT[0m
  [1m[35m (0.1ms)[0m  [1m[35mBEGIN[0m
  [1m[35mSQL (0.3ms)[0m  [1m[32mINSERT INTO "squares" ("created_at", "updated_at", "category", "description", "organisation", "exclude", "number") VALUES ($1, $2, $3, $4, $5, $6, $7) RETURNING "id"[0m  [["created_at", 2017-04-24 22:25:00 UTC], ["updated_at", 2017-04-24 22:25:00 UTC], ["category", "N"], ["description", "A duck and a flea"], ["organisation", "ALL"], ["exclude", true], ["number", 23]]
  [1m[35m (0.3ms)[0m  [1m[35mCOMMIT[0m
  [1m[35m (0.1ms)[0m  [1m[35mBEGIN[0m
  [1m[35mSQL (0.3ms)[0m  [1m[32mINSERT INTO "squares" ("created_at", "updated_at", "category", "description", "organisation", "exclude", "number") VALUES ($1, $2, $3, $4, $5, $6, $7) RETURNING "id"[0m  [["created_at", 2017-04-24 22:25:00 UTC], ["updated_at", 2017-04-24 22:25:00 UTC], ["category", "N"], ["description", "Two dozen"], ["organisation", "ALL"], ["exclude", true], ["number", 24]]
  [1m[35m (0.3ms)[0m  [1m[35mCOMMIT[0m
  [1m[35m (0.1ms)[0m  [1m[35mBEGIN[0m
  [1m[35mSQL (0.3ms)[0m  [1m[32mINSERT INTO "squares" ("created_at", "updated_at", "category", "description", "organisation", "exclude", "number") VALUES ($1, $2, $3, $4, $5, $6, $7) RETURNING "id"[0m  [["created_at", 2017-04-24 22:25:00 UTC], ["updated_at", 2017-04-24 22:25:00 UTC], ["category", "N"], ["description", "Duck and dive"], ["organisation", "ALL"], ["exclude", true], ["number", 25]]
  [1m[35m (0.3ms)[0m  [1m[35mCOMMIT[0m
  [1m[35m (0.1ms)[0m  [1m[35mBEGIN[0m
  [1m[35mSQL (0.3ms)[0m  [1m[32mINSERT INTO "squares" ("created_at", "updated_at", "category", "description", "organisation", "exclude", "number") VALUES ($1, $2, $3, $4, $5, $6, $7) RETURNING "id"[0m  [["created_at", 2017-04-24 22:25:00 UTC], ["updated_at", 2017-04-24 22:25:00 UTC], ["category", "N"], ["description", "Half a crown"], ["organisation", "ALL"], ["exclude", true], ["number", 26]]
  [1m[35m (0.3ms)[0m  [1m[35mCOMMIT[0m
  [1m[35m (0.1ms)[0m  [1m[35mBEGIN[0m
  [1m[35mSQL (0.3ms)[0m  [1m[32mINSERT INTO "squares" ("created_at", "updated_at", "category", "description", "organisation", "exclude", "number") VALUES ($1, $2, $3, $4, $5, $6, $7) RETURNING "id"[0m  [["created_at", 2017-04-24 22:25:00 UTC], ["updated_at", 2017-04-24 22:25:00 UTC], ["category", "N"], ["description", "Duck and a crutch"], ["organisation", "ALL"], ["exclude", true], ["number", 27]]
  [1m[35m (0.3ms)[0m  [1m[35mCOMMIT[0m
  [1m[35m (0.1ms)[0m  [1m[35mBEGIN[0m
  [1m[35mSQL (0.3ms)[0m  [1m[32mINSERT INTO "squares" ("created_at", "updated_at", "category", "description", "organisation", "exclude", "number") VALUES ($1, $2, $3, $4, $5, $6, $7) RETURNING "id"[0m  [["created_at", 2017-04-24 22:25:00 UTC], ["updated_at", 2017-04-24 22:25:00 UTC], ["category", "N"], ["description", "A duck and its mate"], ["organisation", "ALL"], ["exclude", true], ["number", 28]]
  [1m[35m (0.3ms)[0m  [1m[35mCOMMIT[0m
  [1m[35m (0.1ms)[0m  [1m[35mBEGIN[0m
  [1m[35mSQL (0.3ms)[0m  [1m[32mINSERT INTO "squares" ("created_at", "updated_at", "category", "description", "organisation", "exclude", "number") VALUES ($1, $2, $3, $4, $5, $6, $7) RETURNING "id"[0m  [["created_at", 2017-04-24 22:25:00 UTC], ["updated_at", 2017-04-24 22:25:00 UTC], ["category", "N"], ["description", "Rise and shine"], ["organisation", "ALL"], ["exclude", true], ["number", 29]]
  [1m[35m (0.3ms)[0m  [1m[35mCOMMIT[0m
  [1m[35m (0.1ms)[0m  [1m[35mBEGIN[0m
  [1m[35mSQL (0.5ms)[0m  [1m[32mINSERT INTO "squares" ("created_at", "updated_at", "category", "description", "organisation", "exclude", "number") VALUES ($1, $2, $3, $4, $5, $6, $7) RETURNING "id"[0m  [["created_at", 2017-04-24 22:25:00 UTC], ["updated_at", 2017-04-24 22:25:00 UTC], ["category", "N"], ["description", "Your face is dirty"], ["organisation", "ALL"], ["exclude", true], ["number", 30]]
  [1m[35m (0.4ms)[0m  [1m[35mCOMMIT[0m
  [1m[35m (0.1ms)[0m  [1m[35mBEGIN[0m
  [1m[35mSQL (0.3ms)[0m  [1m[32mINSERT INTO "squares" ("created_at", "updated_at", "category", "description", "organisation", "exclude", "number") VALUES ($1, $2, $3, $4, $5, $6, $7) RETURNING "id"[0m  [["created_at", 2017-04-24 22:25:00 UTC], ["updated_at", 2017-04-24 22:25:00 UTC], ["category", "N"], ["description", "Get up and run"], ["organisation", "ALL"], ["exclude", true], ["number", 31]]
  [1m[35m (0.3ms)[0m  [1m[35mCOMMIT[0m
  [1m[35m (0.1ms)[0m  [1m[35mBEGIN[0m
  [1m[35mSQL (0.3ms)[0m  [1m[32mINSERT INTO "squares" ("created_at", "updated_at", "category", "description", "organisation", "exclude", "number") VALUES ($1, $2, $3, $4, $5, $6, $7) RETURNING "id"[0m  [["created_at", 2017-04-24 22:25:00 UTC], ["updated_at", 2017-04-24 22:25:00 UTC], ["category", "N"], ["description", "Buckle my shoe"], ["organisation", "ALL"], ["exclude", true], ["number", 32]]
  [1m[35m (0.3ms)[0m  [1m[35mCOMMIT[0m
  [1m[35m (0.1ms)[0m  [1m[35mBEGIN[0m
  [1m[35mSQL (0.4ms)[0m  [1m[32mINSERT INTO "squares" ("created_at", "updated_at", "category", "description", "organisation", "exclude", "number") VALUES ($1, $2, $3, $4, $5, $6, $7) RETURNING "id"[0m  [["created_at", 2017-04-24 22:25:00 UTC], ["updated_at", 2017-04-24 22:25:00 UTC], ["category", "N"], ["description", "All the threes"], ["organisation", "ALL"], ["exclude", true], ["number", 33]]
  [1m[35m (0.4ms)[0m  [1m[35mCOMMIT[0m
  [1m[35m (0.1ms)[0m  [1m[35mBEGIN[0m
  [1m[35mSQL (0.3ms)[0m  [1m[32mINSERT INTO "squares" ("created_at", "updated_at", "category", "description", "organisation", "exclude", "number") VALUES ($1, $2, $3, $4, $5, $6, $7) RETURNING "id"[0m  [["created_at", 2017-04-24 22:25:00 UTC], ["updated_at", 2017-04-24 22:25:00 UTC], ["category", "N"], ["description", "Ask for more"], ["organisation", "ALL"], ["exclude", true], ["number", 34]]
  [1m[35m (0.3ms)[0m  [1m[35mCOMMIT[0m
  [1m[35m (0.1ms)[0m  [1m[35mBEGIN[0m
  [1m[35mSQL (0.3ms)[0m  [1m[32mINSERT INTO "squares" ("created_at", "updated_at", "category", "description", "organisation", "exclude", "number") VALUES ($1, $2, $3, $4, $5, $6, $7) RETURNING "id"[0m  [["created_at", 2017-04-24 22:25:00 UTC], ["updated_at", 2017-04-24 22:25:00 UTC], ["category", "N"], ["description", "Jump and jive"], ["organisation", "ALL"], ["exclude", true], ["number", 35]]
  [1m[35m (0.3ms)[0m  [1m[35mCOMMIT[0m
  [1m[35m (0.1ms)[0m  [1m[35mBEGIN[0m
  [1m[35mSQL (0.3ms)[0m  [1m[32mINSERT INTO "squares" ("created_at", "updated_at", "category", "description", "organisation", "exclude", "number") VALUES ($1, $2, $3, $4, $5, $6, $7) RETURNING "id"[0m  [["created_at", 2017-04-24 22:25:00 UTC], ["updated_at", 2017-04-24 22:25:00 UTC], ["category", "N"], ["description", "Three dozen"], ["organisation", "ALL"], ["exclude", true], ["number", 36]]
  [1m[35m (0.3ms)[0m  [1m[35mCOMMIT[0m
  [1m[35m (0.1ms)[0m  [1m[35mBEGIN[0m
  [1m[35mSQL (0.3ms)[0m  [1m[32mINSERT INTO "squares" ("created_at", "updated_at", "category", "description", "organisation", "exclude", "number") VALUES ($1, $2, $3, $4, $5, $6, $7) RETURNING "id"[0m  [["created_at", 2017-04-24 22:25:00 UTC], ["updated_at", 2017-04-24 22:25:00 UTC], ["category", "N"], ["description", ""], ["organisation", "ALL"], ["exclude", true], ["number", 37]]
  [1m[35m (0.3ms)[0m  [1m[35mCOMMIT[0m
  [1m[35m (0.1ms)[0m  [1m[35mBEGIN[0m
  [1m[35mSQL (0.3ms)[0m  [1m[32mINSERT INTO "squares" ("created_at", "updated_at", "category", "description", "organisation", "exclude", "number") VALUES ($1, $2, $3, $4, $5, $6, $7) RETURNING "id"[0m  [["created_at", 2017-04-24 22:25:00 UTC], ["updated_at", 2017-04-24 22:25:00 UTC], ["category", "N"], ["description", ""], ["organisation", "ALL"], ["exclude", true], ["number", 38]]
  [1m[35m (0.3ms)[0m  [1m[35mCOMMIT[0m
  [1m[35m (0.1ms)[0m  [1m[35mBEGIN[0m
  [1m[35mSQL (0.3ms)[0m  [1m[32mINSERT INTO "squares" ("created_at", "updated_at", "category", "description", "organisation", "exclude", "number") VALUES ($1, $2, $3, $4, $5, $6, $7) RETURNING "id"[0m  [["created_at", 2017-04-24 22:25:00 UTC], ["updated_at", 2017-04-24 22:25:00 UTC], ["category", "N"], ["description", ""], ["organisation", "ALL"], ["exclude", true], ["number", 39]]
  [1m[35m (0.3ms)[0m  [1m[35mCOMMIT[0m
  [1m[35m (0.1ms)[0m  [1m[35mBEGIN[0m
  [1m[35mSQL (0.3ms)[0m  [1m[32mINSERT INTO "squares" ("created_at", "updated_at", "category", "description", "organisation", "exclude", "number") VALUES ($1, $2, $3, $4, $5, $6, $7) RETURNING "id"[0m  [["created_at", 2017-04-24 22:25:00 UTC], ["updated_at", 2017-04-24 22:25:00 UTC], ["category", "N"], ["description", ""], ["organisation", "ALL"], ["exclude", true], ["number", 40]]
  [1m[35m (0.3ms)[0m  [1m[35mCOMMIT[0m
  [1m[35m (0.1ms)[0m  [1m[35mBEGIN[0m
  [1m[35mSQL (0.3ms)[0m  [1m[32mINSERT INTO "squares" ("created_at", "updated_at", "category", "description", "organisation", "exclude", "number") VALUES ($1, $2, $3, $4, $5, $6, $7) RETURNING "id"[0m  [["created_at", 2017-04-24 22:25:00 UTC], ["updated_at", 2017-04-24 22:25:00 UTC], ["category", "N"], ["description", ""], ["organisation", "ALL"], ["exclude", true], ["number", 41]]
  [1m[35m (0.4ms)[0m  [1m[35mCOMMIT[0m
  [1m[35m (0.1ms)[0m  [1m[35mBEGIN[0m
  [1m[35mSQL (0.4ms)[0m  [1m[32mINSERT INTO "squares" ("created_at", "updated_at", "category", "description", "organisation", "exclude", "number") VALUES ($1, $2, $3, $4, $5, $6, $7) RETURNING "id"[0m  [["created_at", 2017-04-24 22:25:00 UTC], ["updated_at", 2017-04-24 22:25:00 UTC], ["category", "N"], ["description", "Pikachu"], ["organisation", "ALL"], ["exclude", true], ["number", 42]]
  [1m[35m (0.4ms)[0m  [1m[35mCOMMIT[0m
  [1m[35m (0.1ms)[0m  [1m[35mBEGIN[0m
  [1m[35mSQL (0.3ms)[0m  [1m[32mINSERT INTO "squares" ("created_at", "updated_at", "category", "description", "organisation", "exclude", "number") VALUES ($1, $2, $3, $4, $5, $6, $7) RETURNING "id"[0m  [["created_at", 2017-04-24 22:25:00 UTC], ["updated_at", 2017-04-24 22:25:00 UTC], ["category", "N"], ["description", ""], ["organisation", "ALL"], ["exclude", true], ["number", 43]]
  [1m[35m (0.3ms)[0m  [1m[35mCOMMIT[0m
  [1m[35m (0.1ms)[0m  [1m[35mBEGIN[0m
  [1m[35mSQL (0.3ms)[0m  [1m[32mINSERT INTO "squares" ("created_at", "updated_at", "category", "description", "organisation", "exclude", "number") VALUES ($1, $2, $3, $4, $5, $6, $7) RETURNING "id"[0m  [["created_at", 2017-04-24 22:25:00 UTC], ["updated_at", 2017-04-24 22:25:00 UTC], ["category", "N"], ["description", ""], ["organisation", "ALL"], ["exclude", true], ["number", 44]]
  [1m[35m (0.3ms)[0m  [1m[35mCOMMIT[0m
  [1m[35m (0.1ms)[0m  [1m[35mBEGIN[0m
  [1m[35mSQL (0.3ms)[0m  [1m[32mINSERT INTO "squares" ("created_at", "updated_at", "category", "description", "organisation", "exclude", "number") VALUES ($1, $2, $3, $4, $5, $6, $7) RETURNING "id"[0m  [["created_at", 2017-04-24 22:25:00 UTC], ["updated_at", 2017-04-24 22:25:00 UTC], ["category", "N"], ["description", ""], ["organisation", "ALL"], ["exclude", true], ["number", 45]]
  [1m[35m (0.3ms)[0m  [1m[35mCOMMIT[0m
  [1m[35m (0.1ms)[0m  [1m[35mBEGIN[0m
  [1m[35mSQL (0.3ms)[0m  [1m[32mINSERT INTO "squares" ("created_at", "updated_at", "category", "description", "organisation", "exclude", "number") VALUES ($1, $2, $3, $4, $5, $6, $7) RETURNING "id"[0m  [["created_at", 2017-04-24 22:25:00 UTC], ["updated_at", 2017-04-24 22:25:00 UTC], ["category", "N"], ["description", "Up to tricks"], ["organisation", "ALL"], ["exclude", true], ["number", 46]]
  [1m[35m (0.3ms)[0m  [1m[35mCOMMIT[0m
  [1m[35m (0.1ms)[0m  [1m[35mBEGIN[0m
  [1m[35mSQL (0.3ms)[0m  [1m[32mINSERT INTO "squares" ("created_at", "updated_at", "category", "description", "organisation", "exclude", "number") VALUES ($1, $2, $3, $4, $5, $6, $7) RETURNING "id"[0m  [["created_at", 2017-04-24 22:25:00 UTC], ["updated_at", 2017-04-24 22:25:00 UTC], ["category", "N"], ["description", ""], ["organisation", "ALL"], ["exclude", true], ["number", 47]]
  [1m[35m (0.3ms)[0m  [1m[35mCOMMIT[0m
  [1m[35m (0.1ms)[0m  [1m[35mBEGIN[0m
  [1m[35mSQL (0.3ms)[0m  [1m[32mINSERT INTO "squares" ("created_at", "updated_at", "category", "description", "organisation", "exclude", "number") VALUES ($1, $2, $3, $4, $5, $6, $7) RETURNING "id"[0m  [["created_at", 2017-04-24 22:25:00 UTC], ["updated_at", 2017-04-24 22:25:00 UTC], ["category", "N"], ["description", "Four dozen"], ["organisation", "ALL"], ["exclude", true], ["number", 48]]
  [1m[35m (0.3ms)[0m  [1m[35mCOMMIT[0m
  [1m[35m (0.1ms)[0m  [1m[35mBEGIN[0m
  [1m[35mSQL (0.3ms)[0m  [1m[32mINSERT INTO "squares" ("created_at", "updated_at", "category", "description", "organisation", "exclude", "number") VALUES ($1, $2, $3, $4, $5, $6, $7) RETURNING "id"[0m  [["created_at", 2017-04-24 22:25:00 UTC], ["updated_at", 2017-04-24 22:25:00 UTC], ["category", "N"], ["description", ""], ["organisation", "ALL"], ["exclude", true], ["number", 49]]
  [1m[35m (0.3ms)[0m  [1m[35mCOMMIT[0m
  [1m[35m (0.1ms)[0m  [1m[35mBEGIN[0m
  [1m[35mSQL (0.3ms)[0m  [1m[32mINSERT INTO "squares" ("created_at", "updated_at", "category", "description", "organisation", "exclude", "number") VALUES ($1, $2, $3, $4, $5, $6, $7) RETURNING "id"[0m  [["created_at", 2017-04-24 22:25:00 UTC], ["updated_at", 2017-04-24 22:25:00 UTC], ["category", "N"], ["description", "Bullseye"], ["organisation", "ALL"], ["exclude", true], ["number", 50]]
  [1m[35m (0.4ms)[0m  [1m[35mCOMMIT[0m
  [1m[35m (0.1ms)[0m  [1m[35mBEGIN[0m
  [1m[35mSQL (0.4ms)[0m  [1m[32mINSERT INTO "squares" ("created_at", "updated_at", "category", "description", "organisation", "exclude", "number") VALUES ($1, $2, $3, $4, $5, $6, $7) RETURNING "id"[0m  [["created_at", 2017-04-24 22:25:00 UTC], ["updated_at", 2017-04-24 22:25:00 UTC], ["category", "N"], ["description", "I love my mum!"], ["organisation", "ALL"], ["exclude", true], ["number", 51]]
  [1m[35m (0.3ms)[0m  [1m[35mCOMMIT[0m
  [1m[35m (0.1ms)[0m  [1m[35mBEGIN[0m
  [1m[35mSQL (0.3ms)[0m  [1m[32mINSERT INTO "squares" ("created_at", "updated_at", "category", "description", "organisation", "exclude", "number") VALUES ($1, $2, $3, $4, $5, $6, $7) RETURNING "id"[0m  [["created_at", 2017-04-24 22:25:00 UTC], ["updated_at", 2017-04-24 22:25:00 UTC], ["category", "N"], ["description", "Chicken vindaloo"], ["organisation", "ALL"], ["exclude", true], ["number", 52]]
  [1m[35m (0.3ms)[0m  [1m[35mCOMMIT[0m
  [1m[35m (0.1ms)[0m  [1m[35mBEGIN[0m
  [1m[35mSQL (0.3ms)[0m  [1m[32mINSERT INTO "squares" ("created_at", "updated_at", "category", "description", "organisation", "exclude", "number") VALUES ($1, $2, $3, $4, $5, $6, $7) RETURNING "id"[0m  [["created_at", 2017-04-24 22:25:00 UTC], ["updated_at", 2017-04-24 22:25:00 UTC], ["category", "N"], ["description", "Here comes Herbie"], ["organisation", "ALL"], ["exclude", true], ["number", 53]]
  [1m[35m (0.3ms)[0m  [1m[35mCOMMIT[0m
  [1m[35m (0.1ms)[0m  [1m[35mBEGIN[0m
  [1m[35mSQL (0.3ms)[0m  [1m[32mINSERT INTO "squares" ("created_at", "updated_at", "category", "description", "organisation", "exclude", "number") VALUES ($1, $2, $3, $4, $5, $6, $7) RETURNING "id"[0m  [["created_at", 2017-04-24 22:25:00 UTC], ["updated_at", 2017-04-24 22:25:00 UTC], ["category", "N"], ["description", "Clean the floor"], ["organisation", "ALL"], ["exclude", true], ["number", 54]]
  [1m[35m (0.3ms)[0m  [1m[35mCOMMIT[0m
  [1m[35m (0.1ms)[0m  [1m[35mBEGIN[0m
  [1m[35mSQL (0.3ms)[0m  [1m[32mINSERT INTO "squares" ("created_at", "updated_at", "category", "description", "organisation", "exclude", "number") VALUES ($1, $2, $3, $4, $5, $6, $7) RETURNING "id"[0m  [["created_at", 2017-04-24 22:25:00 UTC], ["updated_at", 2017-04-24 22:25:00 UTC], ["category", "N"], ["description", "Snakes alive"], ["organisation", "ALL"], ["exclude", true], ["number", 55]]
  [1m[35m (0.3ms)[0m  [1m[35mCOMMIT[0m
  [1m[35m (0.1ms)[0m  [1m[35mBEGIN[0m
  [1m[35mSQL (0.3ms)[0m  [1m[32mINSERT INTO "squares" ("created_at", "updated_at", "category", "description", "organisation", "exclude", "number") VALUES ($1, $2, $3, $4, $5, $6, $7) RETURNING "id"[0m  [["created_at", 2017-04-24 22:25:00 UTC], ["updated_at", 2017-04-24 22:25:00 UTC], ["category", "N"], ["description", ""], ["organisation", "ALL"], ["exclude", true], ["number", 56]]
  [1m[35m (0.4ms)[0m  [1m[35mCOMMIT[0m
  [1m[35m (0.1ms)[0m  [1m[35mBEGIN[0m
  [1m[35mSQL (0.3ms)[0m  [1m[32mINSERT INTO "squares" ("created_at", "updated_at", "category", "description", "organisation", "exclude", "number") VALUES ($1, $2, $3, $4, $5, $6, $7) RETURNING "id"[0m  [["created_at", 2017-04-24 22:25:00 UTC], ["updated_at", 2017-04-24 22:25:00 UTC], ["category", "N"], ["description", "Catch up!"], ["organisation", "ALL"], ["exclude", true], ["number", 57]]
  [1m[35m (0.3ms)[0m  [1m[35mCOMMIT[0m
  [1m[35m (0.1ms)[0m  [1m[35mBEGIN[0m
  [1m[35mSQL (0.3ms)[0m  [1m[32mINSERT INTO "squares" ("created_at", "updated_at", "category", "description", "organisation", "exclude", "number") VALUES ($1, $2, $3, $4, $5, $6, $7) RETURNING "id"[0m  [["created_at", 2017-04-24 22:25:00 UTC], ["updated_at", 2017-04-24 22:25:00 UTC], ["category", "N"], ["description", "Make them wait"], ["organisation", "ALL"], ["exclude", true], ["number", 58]]
  [1m[35m (0.3ms)[0m  [1m[35mCOMMIT[0m
  [1m[35m (0.1ms)[0m  [1m[35mBEGIN[0m
  [1m[35mSQL (0.3ms)[0m  [1m[32mINSERT INTO "squares" ("created_at", "updated_at", "category", "description", "organisation", "exclude", "number") VALUES ($1, $2, $3, $4, $5, $6, $7) RETURNING "id"[0m  [["created_at", 2017-04-24 22:25:00 UTC], ["updated_at", 2017-04-24 22:25:00 UTC], ["category", "N"], ["description", "The Brighton Line"], ["organisation", "ALL"], ["exclude", true], ["number", 59]]
  [1m[35m (0.4ms)[0m  [1m[35mCOMMIT[0m
  [1m[35m (0.1ms)[0m  [1m[35mBEGIN[0m
  [1m[35mSQL (0.3ms)[0m  [1m[32mINSERT INTO "squares" ("created_at", "updated_at", "category", "description", "organisation", "exclude", "number") VALUES ($1, $2, $3, $4, $5, $6, $7) RETURNING "id"[0m  [["created_at", 2017-04-24 22:25:00 UTC], ["updated_at", 2017-04-24 22:25:00 UTC], ["category", "N"], ["description", "Five dozen"], ["organisation", "ALL"], ["exclude", true], ["number", 60]]
  [1m[35m (0.3ms)[0m  [1m[35mCOMMIT[0m
  [1m[35m (0.1ms)[0m  [1m[35mBEGIN[0m
  [1m[35mSQL (0.3ms)[0m  [1m[32mINSERT INTO "squares" ("created_at", "updated_at", "category", "description", "organisation", "exclude", "number") VALUES ($1, $2, $3, $4, $5, $6, $7) RETURNING "id"[0m  [["created_at", 2017-04-24 22:25:00 UTC], ["updated_at", 2017-04-24 22:25:00 UTC], ["category", "N"], ["description", "Baker's bun"], ["organisation", "ALL"], ["exclude", true], ["number", 61]]
  [1m[35m (0.3ms)[0m  [1m[35mCOMMIT[0m
  [1m[35m (0.1ms)[0m  [1m[35mBEGIN[0m
  [1m[35mSQL (0.3ms)[0m  [1m[32mINSERT INTO "squares" ("created_at", "updated_at", "category", "description", "organisation", "exclude", "number") VALUES ($1, $2, $3, $4, $5, $6, $7) RETURNING "id"[0m  [["created_at", 2017-04-24 22:25:00 UTC], ["updated_at", 2017-04-24 22:25:00 UTC], ["category", "N"], ["description", "Tickety-boo"], ["organisation", "ALL"], ["exclude", true], ["number", 62]]
  [1m[35m (0.3ms)[0m  [1m[35mCOMMIT[0m
  [1m[35m (0.1ms)[0m  [1m[35mBEGIN[0m
  [1m[35mSQL (0.3ms)[0m  [1m[32mINSERT INTO "squares" ("created_at", "updated_at", "category", "description", "organisation", "exclude", "number") VALUES ($1, $2, $3, $4, $5, $6, $7) RETURNING "id"[0m  [["created_at", 2017-04-24 22:25:00 UTC], ["updated_at", 2017-04-24 22:25:00 UTC], ["category", "N"], ["description", "Tickle me"], ["organisation", "ALL"], ["exclude", true], ["number", 63]]
  [1m[35m (0.3ms)[0m  [1m[35mCOMMIT[0m
  [1m[35m (0.1ms)[0m  [1m[35mBEGIN[0m
  [1m[35mSQL (0.3ms)[0m  [1m[32mINSERT INTO "squares" ("created_at", "updated_at", "category", "description", "organisation", "exclude", "number") VALUES ($1, $2, $3, $4, $5, $6, $7) RETURNING "id"[0m  [["created_at", 2017-04-24 22:25:00 UTC], ["updated_at", 2017-04-24 22:25:00 UTC], ["category", "N"], ["description", ""], ["organisation", "ALL"], ["exclude", true], ["number", 64]]
  [1m[35m (0.3ms)[0m  [1m[35mCOMMIT[0m
  [1m[35m (0.1ms)[0m  [1m[35mBEGIN[0m
  [1m[35mSQL (0.3ms)[0m  [1m[32mINSERT INTO "squares" ("created_at", "updated_at", "category", "description", "organisation", "exclude", "number") VALUES ($1, $2, $3, $4, $5, $6, $7) RETURNING "id"[0m  [["created_at", 2017-04-24 22:25:00 UTC], ["updated_at", 2017-04-24 22:25:00 UTC], ["category", "N"], ["description", "Stop work"], ["organisation", "ALL"], ["exclude", true], ["number", 65]]
  [1m[35m (0.3ms)[0m  [1m[35mCOMMIT[0m
  [1m[35m (0.1ms)[0m  [1m[35mBEGIN[0m
  [1m[35mSQL (0.3ms)[0m  [1m[32mINSERT INTO "squares" ("created_at", "updated_at", "category", "description", "organisation", "exclude", "number") VALUES ($1, $2, $3, $4, $5, $6, $7) RETURNING "id"[0m  [["created_at", 2017-04-24 22:25:00 UTC], ["updated_at", 2017-04-24 22:25:00 UTC], ["category", "N"], ["description", "Clickety click"], ["organisation", "ALL"], ["exclude", true], ["number", 66]]
  [1m[35m (0.3ms)[0m  [1m[35mCOMMIT[0m
  [1m[35m (0.1ms)[0m  [1m[35mBEGIN[0m
  [1m[35mSQL (0.3ms)[0m  [1m[32mINSERT INTO "squares" ("created_at", "updated_at", "category", "description", "organisation", "exclude", "number") VALUES ($1, $2, $3, $4, $5, $6, $7) RETURNING "id"[0m  [["created_at", 2017-04-24 22:25:00 UTC], ["updated_at", 2017-04-24 22:25:00 UTC], ["category", "N"], ["description", ""], ["organisation", "ALL"], ["exclude", true], ["number", 67]]
  [1m[35m (0.3ms)[0m  [1m[35mCOMMIT[0m
  [1m[35m (0.1ms)[0m  [1m[35mBEGIN[0m
  [1m[35mSQL (0.3ms)[0m  [1m[32mINSERT INTO "squares" ("created_at", "updated_at", "category", "description", "organisation", "exclude", "number") VALUES ($1, $2, $3, $4, $5, $6, $7) RETURNING "id"[0m  [["created_at", 2017-04-24 22:25:00 UTC], ["updated_at", 2017-04-24 22:25:00 UTC], ["category", "N"], ["description", "Saving grace"], ["organisation", "ALL"], ["exclude", true], ["number", 68]]
  [1m[35m (0.3ms)[0m  [1m[35mCOMMIT[0m
  [1m[35m (0.1ms)[0m  [1m[35mBEGIN[0m
  [1m[35mSQL (0.3ms)[0m  [1m[32mINSERT INTO "squares" ("created_at", "updated_at", "category", "description", "organisation", "exclude", "number") VALUES ($1, $2, $3, $4, $5, $6, $7) RETURNING "id"[0m  [["created_at", 2017-04-24 22:25:00 UTC], ["updated_at", 2017-04-24 22:25:00 UTC], ["category", "N"], ["description", "The same both ways"], ["organisation", "ALL"], ["exclude", true], ["number", 69]]
  [1m[35m (0.3ms)[0m  [1m[35mCOMMIT[0m
  [1m[35m (0.1ms)[0m  [1m[35mBEGIN[0m
  [1m[35mSQL (0.3ms)[0m  [1m[32mINSERT INTO "squares" ("created_at", "updated_at", "category", "description", "organisation", "exclude", "number") VALUES ($1, $2, $3, $4, $5, $6, $7) RETURNING "id"[0m  [["created_at", 2017-04-24 22:25:00 UTC], ["updated_at", 2017-04-24 22:25:00 UTC], ["category", "N"], ["description", "Three score and ten"], ["organisation", "ALL"], ["exclude", true], ["number", 70]]
  [1m[35m (0.3ms)[0m  [1m[35mCOMMIT[0m
  [1m[35m (0.1ms)[0m  [1m[35mBEGIN[0m
  [1m[35mSQL (0.3ms)[0m  [1m[32mINSERT INTO "squares" ("created_at", "updated_at", "category", "description", "organisation", "exclude", "number") VALUES ($1, $2, $3, $4, $5, $6, $7) RETURNING "id"[0m  [["created_at", 2017-04-24 22:25:00 UTC], ["updated_at", 2017-04-24 22:25:00 UTC], ["category", "N"], ["description", "Bang on the drum"], ["organisation", "ALL"], ["exclude", true], ["number", 71]]
  [1m[35m (0.3ms)[0m  [1m[35mCOMMIT[0m
  [1m[35m (0.1ms)[0m  [1m[35mBEGIN[0m
  [1m[35mSQL (0.3ms)[0m  [1m[32mINSERT INTO "squares" ("created_at", "updated_at", "category", "description", "organisation", "exclude", "number") VALUES ($1, $2, $3, $4, $5, $6, $7) RETURNING "id"[0m  [["created_at", 2017-04-24 22:25:00 UTC], ["updated_at", 2017-04-24 22:25:00 UTC], ["category", "N"], ["description", "Six dozen"], ["organisation", "ALL"], ["exclude", true], ["number", 72]]
  [1m[35m (0.3ms)[0m  [1m[35mCOMMIT[0m
  [1m[35m (0.1ms)[0m  [1m[35mBEGIN[0m
  [1m[35mSQL (0.3ms)[0m  [1m[32mINSERT INTO "squares" ("created_at", "updated_at", "category", "description", "organisation", "exclude", "number") VALUES ($1, $2, $3, $4, $5, $6, $7) RETURNING "id"[0m  [["created_at", 2017-04-24 22:25:00 UTC], ["updated_at", 2017-04-24 22:25:00 UTC], ["category", "N"], ["description", "Queen bee"], ["organisation", "ALL"], ["exclude", true], ["number", 73]]
  [1m[35m (0.3ms)[0m  [1m[35mCOMMIT[0m
  [1m[35m (0.1ms)[0m  [1m[35mBEGIN[0m
  [1m[35mSQL (0.4ms)[0m  [1m[32mINSERT INTO "squares" ("created_at", "updated_at", "category", "description", "organisation", "exclude", "number") VALUES ($1, $2, $3, $4, $5, $6, $7) RETURNING "id"[0m  [["created_at", 2017-04-24 22:25:00 UTC], ["updated_at", 2017-04-24 22:25:00 UTC], ["category", "N"], ["description", "Dumbledore"], ["organisation", "ALL"], ["exclude", true], ["number", 74]]
  [1m[35m (0.4ms)[0m  [1m[35mCOMMIT[0m
  [1m[35m (0.1ms)[0m  [1m[35mBEGIN[0m
  [1m[35mSQL (0.3ms)[0m  [1m[32mINSERT INTO "squares" ("created_at", "updated_at", "category", "description", "organisation", "exclude", "number") VALUES ($1, $2, $3, $4, $5, $6, $7) RETURNING "id"[0m  [["created_at", 2017-04-24 22:25:00 UTC], ["updated_at", 2017-04-24 22:25:00 UTC], ["category", "N"], ["description", "End of the line"], ["organisation", "ALL"], ["exclude", true], ["number", 75]]
  [1m[35m (0.3ms)[0m  [1m[35mCOMMIT[0m
  [1m[35m (0.2ms)[0m  [1m[34mSELECT pg_try_advisory_lock(2561430764265210495);[0m
  [1m[36mActiveRecord::SchemaMigration Load (0.5ms)[0m  [1m[34mSELECT "schema_migrations".* FROM "schema_migrations"[0m
Migrating to ChangeBoardTypeColumnName (20170424222736)
  [1m[35m (0.1ms)[0m  [1m[35mBEGIN[0m
  [1m[35m (0.7ms)[0m  [1m[35mALTER TABLE "boards" RENAME COLUMN "type" TO "category"[0m
  [1m[35mSQL (0.4ms)[0m  [1m[32mINSERT INTO "schema_migrations" ("version") VALUES ($1) RETURNING "version"[0m  [["version", "20170424222736"]]
  [1m[35m (8.6ms)[0m  [1m[35mCOMMIT[0m
  [1m[36mActiveRecord::InternalMetadata Load (0.4ms)[0m  [1m[34mSELECT  "ar_internal_metadata".* FROM "ar_internal_metadata" WHERE "ar_internal_metadata"."key" = $1 LIMIT $2[0m  [["key", :environment], ["LIMIT", 1]]
  [1m[35m (0.1ms)[0m  [1m[35mBEGIN[0m
  [1m[35m (0.1ms)[0m  [1m[35mCOMMIT[0m
  [1m[35m (0.2ms)[0m  [1m[34mSELECT pg_advisory_unlock(2561430764265210495)[0m
  [1m[36mActiveRecord::SchemaMigration Load (0.2ms)[0m  [1m[34mSELECT "schema_migrations".* FROM "schema_migrations"[0m
  [1m[35m (0.2ms)[0m  [1m[34mSELECT pg_try_advisory_lock(2561430764265210495);[0m
  [1m[36mActiveRecord::SchemaMigration Load (0.7ms)[0m  [1m[34mSELECT "schema_migrations".* FROM "schema_migrations"[0m
Migrating to AddIndexToBoardSquares (20170426204317)
  [1m[35m (0.1ms)[0m  [1m[35mBEGIN[0m
  [1m[35m (0.9ms)[0m  [1m[35mDROP INDEX  "index_boards_squares_on_board_id_and_square_id"[0m
  [1m[35m (2.2ms)[0m  [1m[35mCREATE UNIQUE INDEX  "index_boards_squares_on_board_id_and_square_id" ON "boards_squares"  ("board_id", "square_id")[0m
  [1m[35mSQL (0.4ms)[0m  [1m[32mINSERT INTO "schema_migrations" ("version") VALUES ($1) RETURNING "version"[0m  [["version", "20170426204317"]]
  [1m[35m (1.3ms)[0m  [1m[35mCOMMIT[0m
  [1m[36mActiveRecord::InternalMetadata Load (0.4ms)[0m  [1m[34mSELECT  "ar_internal_metadata".* FROM "ar_internal_metadata" WHERE "ar_internal_metadata"."key" = $1 LIMIT $2[0m  [["key", :environment], ["LIMIT", 1]]
  [1m[35m (0.2ms)[0m  [1m[35mBEGIN[0m
  [1m[35m (0.1ms)[0m  [1m[35mCOMMIT[0m
  [1m[35m (0.2ms)[0m  [1m[34mSELECT pg_advisory_unlock(2561430764265210495)[0m
  [1m[36mActiveRecord::SchemaMigration Load (0.2ms)[0m  [1m[34mSELECT "schema_migrations".* FROM "schema_migrations"[0m
